"../../../Engine/Content/EditorResources/S_Actor.ubulk" 0
"../../../Engine/Content/EditorResources/S_Actor.uasset" 1
"../../../Engine/Content/EditorResources/S_Actor.uexp" 2
"../../../Engine/Content/EditorResources/S_BoxReflectionCapture.uasset" 3
"../../../Engine/Content/EditorResources/S_BoxReflectionCapture.uexp" 4
"../../../Engine/Content/EngineResources/DefaultTexture.ubulk" 5
"../../../Engine/Content/EngineResources/DefaultTexture.uasset" 6
"../../../Engine/Content/EngineResources/DefaultTexture.uexp" 7
"../../../Engine/Content/EngineResources/DefaultTextureCube.uasset" 8
"../../../Engine/Content/EngineResources/DefaultTextureCube.uexp" 9
"../../../Engine/Content/EngineResources/DefaultVolumeTexture2D.uasset" 10
"../../../Engine/Content/EngineResources/DefaultVolumeTexture2D.uexp" 11
"../../../Engine/Content/EngineResources/DefaultVolumeTexture.uasset" 12
"../../../Engine/Content/EngineResources/DefaultVolumeTexture.uexp" 13
"../../../Engine/Content/EditorResources/S_Trigger.ubulk" 14
"../../../Engine/Content/EditorResources/S_Trigger.uasset" 15
"../../../Engine/Content/EditorResources/S_Trigger.uexp" 16
"../../../Engine/Content/EditorResources/S_TriggerBox.uasset" 17
"../../../Engine/Content/EditorResources/S_TriggerBox.uexp" 18
"../../../Engine/Content/EditorResources/S_TriggerCapsule.uasset" 19
"../../../Engine/Content/EditorResources/S_TriggerCapsule.uexp" 20
"../../../Engine/Content/EditorResources/S_TriggerSphere.uasset" 21
"../../../Engine/Content/EditorResources/S_TriggerSphere.uexp" 22
"../../../Engine/Content/EngineMeshes/Sphere.uasset" 23
"../../../Engine/Content/EngineMeshes/Sphere.uexp" 24
"../../../Engine/Content/EngineResources/GradientTexture0.uasset" 25
"../../../Engine/Content/EngineResources/GradientTexture0.uexp" 26
"../../../Engine/Content/EngineResources/Black.uasset" 27
"../../../Engine/Content/EngineResources/Black.uexp" 28
"../../../Engine/Content/VREditor/LaserPointer/VR_LaserPower_01.ubulk" 29
"../../../Engine/Content/VREditor/LaserPointer/VR_LaserPower_01.uasset" 30
"../../../Engine/Content/VREditor/LaserPointer/VR_LaserPower_01.uexp" 31
"../../../Engine/Content/VREditor/TransformGizmo/TransformGizmoMaterial.uasset" 32
"../../../Engine/Content/VREditor/TransformGizmo/TransformGizmoMaterial.uexp" 33
"../../../Engine/Content/VREditor/TransformGizmo/TranslucentTransformGizmoMaterial.uasset" 34
"../../../Engine/Content/VREditor/TransformGizmo/TranslucentTransformGizmoMaterial.uexp" 35
"../../../Engine/Content/VREditor/TransformGizmo/BoundingBoxCorner.uasset" 36
"../../../Engine/Content/VREditor/TransformGizmo/BoundingBoxCorner.uexp" 37
"../../../Engine/Content/VREditor/TransformGizmo/BoundingBoxEdge.uasset" 38
"../../../Engine/Content/VREditor/TransformGizmo/BoundingBoxEdge.uexp" 39
"../../../Engine/Content/VREditor/TransformGizmo/Main.uasset" 40
"../../../Engine/Content/VREditor/TransformGizmo/Main.uexp" 41
"../../../Engine/Content/VREditor/TransformGizmo/Xray.uasset" 42
"../../../Engine/Content/VREditor/TransformGizmo/Xray.uexp" 43
"../../../Engine/Content/VREditor/TransformGizmo/SM_Sequencer_Node.uasset" 44
"../../../Engine/Content/VREditor/TransformGizmo/SM_Sequencer_Node.uexp" 45
"../../../Engine/Content/EditorResources/S_Solver.ubulk" 46
"../../../Engine/Content/EditorResources/S_Solver.uasset" 47
"../../../Engine/Content/EditorResources/S_Solver.uexp" 48
"../../../Engine/Content/EditorMaterials/Camera/CineMat.uasset" 49
"../../../Engine/Content/EditorMaterials/Camera/CineMat.uexp" 50
"../../../Engine/Content/EditorMaterials/Camera/MI_CineMat_Rig.uasset" 51
"../../../Engine/Content/EditorMaterials/Camera/MI_CineMat_Rig.uexp" 52
"../../../Engine/Content/EditorMeshes/Camera/SM_CraneRig_Base.uasset" 53
"../../../Engine/Content/EditorMeshes/Camera/SM_CraneRig_Base.uexp" 54
"../../../Engine/Content/EditorMeshes/Camera/SM_CraneRig_Arm.uasset" 55
"../../../Engine/Content/EditorMeshes/Camera/SM_CraneRig_Arm.uexp" 56
"../../../Engine/Content/EditorMeshes/Camera/SM_CraneRig_Mount.uasset" 57
"../../../Engine/Content/EditorMeshes/Camera/SM_CraneRig_Mount.uexp" 58
"../../../Engine/Content/EditorMeshes/Camera/SM_CraneRig_Body.uasset" 59
"../../../Engine/Content/EditorMeshes/Camera/SM_CraneRig_Body.uexp" 60
"../../../Engine/Content/EditorMeshes/Camera/SM_RailRig_Track.uasset" 61
"../../../Engine/Content/EditorMeshes/Camera/SM_RailRig_Track.uexp" 62
"../../../Engine/Content/EditorMeshes/Camera/SM_RailRig_Mount.uasset" 63
"../../../Engine/Content/EditorMeshes/Camera/SM_RailRig_Mount.uexp" 64
"../../../Engine/Content/EngineMaterials/T_Default_Material_Grid_M.ubulk" 65
"../../../Engine/Content/EngineMaterials/T_Default_Material_Grid_M.uasset" 66
"../../../Engine/Content/EngineMaterials/T_Default_Material_Grid_M.uexp" 67
"../../../Engine/Content/EngineMaterials/T_Default_Material_Grid_N.ubulk" 68
"../../../Engine/Content/EngineMaterials/T_Default_Material_Grid_N.uasset" 69
"../../../Engine/Content/EngineMaterials/T_Default_Material_Grid_N.uexp" 70
"../../../Engine/Content/Functions/Engine_MaterialFunctions01/Opacity/CameraDepthFade.uasset" 71
"../../../Engine/Content/Functions/Engine_MaterialFunctions01/Opacity/CameraDepthFade.uexp" 72
"../../../Engine/Content/EngineMaterials/WorldGridMaterial.uasset" 73
"../../../Engine/Content/EngineMaterials/WorldGridMaterial.uexp" 74
"../../../Engine/Content/ArtTools/RenderToTexture/Meshes/S_1_Unit_Plane.uasset" 75
"../../../Engine/Content/ArtTools/RenderToTexture/Meshes/S_1_Unit_Plane.uexp" 76
"../../../Engine/Content/EditorMaterials/ParticleSystems/PSysThumbnail_NoImage.ubulk" 77
"../../../Engine/Content/EditorMaterials/ParticleSystems/PSysThumbnail_NoImage.uasset" 78
"../../../Engine/Content/EditorMaterials/ParticleSystems/PSysThumbnail_NoImage.uexp" 79
"../../../Engine/Content/EditorMaterials/ParticleSystems/PSysThumbnail_OOD.ubulk" 80
"../../../Engine/Content/EditorMaterials/ParticleSystems/PSysThumbnail_OOD.uasset" 81
"../../../Engine/Content/EditorMaterials/ParticleSystems/PSysThumbnail_OOD.uexp" 82
"../../../Engine/Content/EditorLandscapeResources/SplineEditorMeshMat.uasset" 83
"../../../Engine/Content/EditorLandscapeResources/SplineEditorMeshMat.uexp" 84
"../../../Engine/Content/EditorLandscapeResources/SplineEditorMesh.uasset" 85
"../../../Engine/Content/EditorLandscapeResources/SplineEditorMesh.uexp" 86
"../../../Engine/Plugins/Media/MediaPlate/Content/SM_MediaPlateScreen.uasset" 87
"../../../Engine/Plugins/Media/MediaPlate/Content/SM_MediaPlateScreen.uexp" 88
"../../../Engine/Content/EngineMaterials/DefaultBokeh.uasset" 89
"../../../Engine/Content/EngineMaterials/DefaultBokeh.uexp" 90
"../../../Engine/Content/EngineMaterials/MiniFont.uasset" 91
"../../../Engine/Content/EngineMaterials/MiniFont.uexp" 92
"../../../Engine/Content/EngineMaterials/WeightMapPlaceholderTexture.uasset" 93
"../../../Engine/Content/EngineMaterials/WeightMapPlaceholderTexture.uexp" 94
"../../../Engine/Content/EngineMaterials/WeightMapArrayPlaceholderTexture.uasset" 95
"../../../Engine/Content/EngineMaterials/WeightMapArrayPlaceholderTexture.uexp" 96
"../../../Engine/Content/EngineMaterials/DefaultWhiteGrid.ubulk" 97
"../../../Engine/Content/EngineMaterials/DefaultWhiteGrid.uasset" 98
"../../../Engine/Content/EngineMaterials/DefaultWhiteGrid.uexp" 99
"../../../Engine/Content/EngineMaterials/PreintegratedSkinBRDF.uasset" 100
"../../../Engine/Content/EngineMaterials/PreintegratedSkinBRDF.uexp" 101
"../../../Engine/Content/Functions/Engine_MaterialFunctions02/WorldPositionOffset/CameraOffset.uasset" 102
"../../../Engine/Content/Functions/Engine_MaterialFunctions02/WorldPositionOffset/CameraOffset.uexp" 103
"../../../Engine/Plugins/Animation/ControlRig/Content/M_Manip.uasset" 104
"../../../Engine/Plugins/Animation/ControlRig/Content/M_Manip.uexp" 105
"../../../Engine/Plugins/Animation/ACLPlugin/Content/ACLAnimCurveCompressionSettings.uasset" 106
"../../../Engine/Plugins/Animation/ACLPlugin/Content/ACLAnimCurveCompressionSettings.uexp" 107
"../../../Engine/Plugins/Animation/ACLPlugin/Content/ACLAnimBoneCompressionSettings.uasset" 108
"../../../Engine/Plugins/Animation/ACLPlugin/Content/ACLAnimBoneCompressionSettings.uexp" 109
"../../../Engine/Plugins/2D/Paper2D/Content/PlaceholderTextures/DummySpriteTexture.ubulk" 110
"../../../Engine/Plugins/2D/Paper2D/Content/PlaceholderTextures/DummySpriteTexture.uasset" 111
"../../../Engine/Plugins/2D/Paper2D/Content/PlaceholderTextures/DummySpriteTexture.uexp" 112
"../../../Engine/Plugins/2D/Paper2D/Content/DefaultSpriteMaterial.uasset" 113
"../../../Engine/Plugins/2D/Paper2D/Content/DefaultSpriteMaterial.uexp" 114
"../../../Engine/Plugins/2D/Paper2D/Content/OpaqueUnlitSpriteMaterial.uasset" 115
"../../../Engine/Plugins/2D/Paper2D/Content/OpaqueUnlitSpriteMaterial.uexp" 116
"../../../Engine/Plugins/2D/Paper2D/Content/MaskedUnlitSpriteMaterial.uasset" 117
"../../../Engine/Plugins/2D/Paper2D/Content/MaskedUnlitSpriteMaterial.uexp" 118
"../../../Engine/Plugins/2D/Paper2D/Content/DummySprite.uasset" 119
"../../../Engine/Plugins/2D/Paper2D/Content/DummySprite.uexp" 120
"../../../Engine/Plugins/2D/Paper2D/Content/DefaultPaperTerrainMaterial.uasset" 121
"../../../Engine/Plugins/2D/Paper2D/Content/DefaultPaperTerrainMaterial.uexp" 122
"../../../Engine/Plugins/Runtime/MeshModelingToolset/Content/Materials/M_DynamicMeshComponentVtxColor.uasset" 123
"../../../Engine/Plugins/Runtime/MeshModelingToolset/Content/Materials/M_DynamicMeshComponentVtxColor.uexp" 124
"../../../Engine/Plugins/Interchange/Runtime/Content/Pipelines/DefaultTexturePipeline.uasset" 125
"../../../Engine/Plugins/Interchange/Runtime/Content/Pipelines/DefaultTexturePipeline.uexp" 126
"../../../Engine/Plugins/Interchange/Runtime/Content/Pipelines/DefaultSceneLevelPipeline.uasset" 127
"../../../Engine/Plugins/Interchange/Runtime/Content/Pipelines/DefaultSceneLevelPipeline.uexp" 128
"../../../Engine/Plugins/Interchange/Runtime/Content/Pipelines/DefaultSceneAssetsPipeline.uasset" 129
"../../../Engine/Plugins/Interchange/Runtime/Content/Pipelines/DefaultSceneAssetsPipeline.uexp" 130
"../../../Engine/Plugins/Interchange/Runtime/Content/Pipelines/DefaultMaterialXPipeline.uasset" 131
"../../../Engine/Plugins/Interchange/Runtime/Content/Pipelines/DefaultMaterialXPipeline.uexp" 132
"../../../Engine/Plugins/Interchange/Runtime/Content/Pipelines/DefaultMaterialPipeline.uasset" 133
"../../../Engine/Plugins/Interchange/Runtime/Content/Pipelines/DefaultMaterialPipeline.uexp" 134
"../../../Engine/Plugins/Interchange/Runtime/Content/Pipelines/DefaultGLTFSceneAssetsPipeline.uasset" 135
"../../../Engine/Plugins/Interchange/Runtime/Content/Pipelines/DefaultGLTFSceneAssetsPipeline.uexp" 136
"../../../Engine/Plugins/Interchange/Runtime/Content/Pipelines/DefaultGLTFPipeline.uasset" 137
"../../../Engine/Plugins/Interchange/Runtime/Content/Pipelines/DefaultGLTFPipeline.uexp" 138
"../../../Engine/Plugins/Interchange/Runtime/Content/Pipelines/DefaultGLTFAssetsPipeline.uasset" 139
"../../../Engine/Plugins/Interchange/Runtime/Content/Pipelines/DefaultGLTFAssetsPipeline.uexp" 140
"../../../Engine/Plugins/Interchange/Runtime/Content/Pipelines/DefaultAssetsPipeline.uasset" 141
"../../../Engine/Plugins/Interchange/Runtime/Content/Pipelines/DefaultAssetsPipeline.uexp" 142
"../../../Engine/Plugins/Interchange/Runtime/Content/Functions/MX_UsdPreviewSurface.uasset" 143
"../../../Engine/Plugins/Interchange/Runtime/Content/Functions/MX_UsdPreviewSurface.uexp" 144
"../../../Engine/Plugins/Interchange/Runtime/Content/Functions/MX_UniformEDF.uasset" 145
"../../../Engine/Plugins/Interchange/Runtime/Content/Functions/MX_UniformEDF.uexp" 146
"../../../Engine/Plugins/Interchange/Runtime/Content/Functions/MX_TranslucentBSDF.uasset" 147
"../../../Engine/Plugins/Interchange/Runtime/Content/Functions/MX_TranslucentBSDF.uexp" 148
"../../../Engine/Plugins/Interchange/Runtime/Content/Functions/MX_ThinFilmBSDF.uasset" 149
"../../../Engine/Plugins/Interchange/Runtime/Content/Functions/MX_ThinFilmBSDF.uexp" 150
"../../../Engine/Plugins/Interchange/Runtime/Content/Functions/MX_SurfaceUnlit.uasset" 151
"../../../Engine/Plugins/Interchange/Runtime/Content/Functions/MX_SurfaceUnlit.uexp" 152
"../../../Engine/Plugins/Interchange/Runtime/Content/Functions/MX_Surface.uasset" 153
"../../../Engine/Plugins/Interchange/Runtime/Content/Functions/MX_Surface.uexp" 154
"../../../Engine/Plugins/Interchange/Runtime/Content/Functions/MX_SubsurfaceBSDF.uasset" 155
"../../../Engine/Plugins/Interchange/Runtime/Content/Functions/MX_SubsurfaceBSDF.uexp" 156
"../../../Engine/Plugins/Interchange/Runtime/Content/Functions/MX_SheenBSDF.uasset" 157
"../../../Engine/Plugins/Interchange/Runtime/Content/Functions/MX_SheenBSDF.uexp" 158
"../../../Engine/Plugins/Interchange/Runtime/Content/Functions/MX_OrenNayarBSDF.uasset" 159
"../../../Engine/Plugins/Interchange/Runtime/Content/Functions/MX_OrenNayarBSDF.uexp" 160
"../../../Engine/Content/Functions/Engine_MaterialFunctions02/Utility/CameraDirectionVector.uasset" 161
"../../../Engine/Content/Functions/Engine_MaterialFunctions02/Utility/CameraDirectionVector.uexp" 162
"../../../Engine/Content/Functions/Engine_MaterialFunctions01/Volumetrics/BeersLaw.uasset" 163
"../../../Engine/Content/Functions/Engine_MaterialFunctions01/Volumetrics/BeersLaw.uexp" 164
"../../../Engine/Content/EngineMaterials/Good64x64TilingNoiseHighFreq.uasset" 165
"../../../Engine/Content/EngineMaterials/Good64x64TilingNoiseHighFreq.uexp" 166
"../../../Engine/Content/Functions/Engine_MaterialFunctions02/Texturing/ScreenAlignedPixelToPixelUVs.uasset" 167
"../../../Engine/Content/Functions/Engine_MaterialFunctions02/Texturing/ScreenAlignedPixelToPixelUVs.uexp" 168
"../../../Engine/Plugins/Interchange/Runtime/Content/gltf/MaterialFunctions/MF_Temporal_Blur.uasset" 169
"../../../Engine/Plugins/Interchange/Runtime/Content/gltf/MaterialFunctions/MF_Temporal_Blur.uexp" 170
"../../../Engine/Plugins/Interchange/Runtime/Content/gltf/MaterialFunctions/MF_Fresnel_DS.uasset" 171
"../../../Engine/Plugins/Interchange/Runtime/Content/gltf/MaterialFunctions/MF_Fresnel_DS.uexp" 172
"../../../Engine/Content/Functions/Engine_MaterialFunctions02/Utility/BreakOutFloat3Components.uasset" 173
"../../../Engine/Content/Functions/Engine_MaterialFunctions02/Utility/BreakOutFloat3Components.uexp" 174
"../../../Engine/Plugins/Interchange/Runtime/Content/Functions/MX_Transmission.uasset" 175
"../../../Engine/Plugins/Interchange/Runtime/Content/Functions/MX_Transmission.uexp" 176
"../../../Engine/Plugins/Interchange/Runtime/Content/Functions/MF_OrenNayerView.uasset" 177
"../../../Engine/Plugins/Interchange/Runtime/Content/Functions/MF_OrenNayerView.uexp" 178
"../../../Engine/Plugins/Interchange/Runtime/Content/Functions/MF_SchlickApprox.uasset" 179
"../../../Engine/Plugins/Interchange/Runtime/Content/Functions/MF_SchlickApprox.uexp" 180
"../../../Engine/Plugins/Interchange/Runtime/Content/Utilities/New_LUT.uasset" 181
"../../../Engine/Plugins/Interchange/Runtime/Content/Utilities/New_LUT.uexp" 182
"../../../Engine/Content/Functions/Engine_MaterialFunctions03/Math/RemapValueRange.uasset" 183
"../../../Engine/Content/Functions/Engine_MaterialFunctions03/Math/RemapValueRange.uexp" 184
"../../../Engine/Plugins/Interchange/Runtime/Content/Functions/MF_Iridescence.uasset" 185
"../../../Engine/Plugins/Interchange/Runtime/Content/Functions/MF_Iridescence.uexp" 186
"../../../Engine/Plugins/Interchange/Runtime/Content/Functions/MX_StandardSurface.uasset" 187
"../../../Engine/Plugins/Interchange/Runtime/Content/Functions/MX_StandardSurface.uexp" 188
"../../../Engine/Plugins/Interchange/Runtime/Content/Functions/MX_TransmissionSurface.uasset" 189
"../../../Engine/Plugins/Interchange/Runtime/Content/Functions/MX_TransmissionSurface.uexp" 190
"../../../Engine/Plugins/Interchange/Runtime/Content/Functions/MX_OpenPBR_Translucent.uasset" 191
"../../../Engine/Plugins/Interchange/Runtime/Content/Functions/MX_OpenPBR_Translucent.uexp" 192
"../../../Engine/Plugins/Interchange/Runtime/Content/Functions/MX_OpenPBR_Opaque.uasset" 193
"../../../Engine/Plugins/Interchange/Runtime/Content/Functions/MX_OpenPBR_Opaque.uexp" 194
"../../../Engine/Plugins/Interchange/Runtime/Content/Functions/MX_MeasuredEDF.uasset" 195
"../../../Engine/Plugins/Interchange/Runtime/Content/Functions/MX_MeasuredEDF.uexp" 196
"../../../Engine/Plugins/Interchange/Runtime/Content/Functions/MX_GeneralizedSchlickBSDF.uasset" 197
"../../../Engine/Plugins/Interchange/Runtime/Content/Functions/MX_GeneralizedSchlickBSDF.uexp" 198
"../../../Engine/Plugins/Interchange/Runtime/Content/Functions/MX_DielectricBSDF.uasset" 199
"../../../Engine/Plugins/Interchange/Runtime/Content/Functions/MX_DielectricBSDF.uexp" 200
"../../../Engine/Plugins/Interchange/Runtime/Content/Functions/MX_ConicalEDF.uasset" 201
"../../../Engine/Plugins/Interchange/Runtime/Content/Functions/MX_ConicalEDF.uexp" 202
"../../../Engine/Plugins/Interchange/Runtime/Content/Functions/MX_ConductorBSDF.uasset" 203
"../../../Engine/Plugins/Interchange/Runtime/Content/Functions/MX_ConductorBSDF.uexp" 204
"../../../Engine/Plugins/Interchange/Runtime/Content/Functions/MX_BurleyDiffuseBSDF.uasset" 205
"../../../Engine/Plugins/Interchange/Runtime/Content/Functions/MX_BurleyDiffuseBSDF.uexp" 206
"../../../Engine/Plugins/Interchange/Runtime/Content/Functions/MX_AnisotropicVDF.uasset" 207
"../../../Engine/Plugins/Interchange/Runtime/Content/Functions/MX_AnisotropicVDF.uexp" 208
"../../../Engine/Plugins/Interchange/Runtime/Content/Functions/MX_AbsorptionVDF.uasset" 209
"../../../Engine/Plugins/Interchange/Runtime/Content/Functions/MX_AbsorptionVDF.uexp" 210
"../../../Engine/Plugins/Editor/SpeedTreeImporter/Content/SpeedTree9/game_wind_noise.ubulk" 211
"../../../Engine/Plugins/Editor/SpeedTreeImporter/Content/SpeedTree9/game_wind_noise.uasset" 212
"../../../Engine/Plugins/Editor/SpeedTreeImporter/Content/SpeedTree9/game_wind_noise.uexp" 213
"../../../Engine/Plugins/Editor/SpeedTreeImporter/Content/SpeedTree9/UnpackDirection.uasset" 214
"../../../Engine/Plugins/Editor/SpeedTreeImporter/Content/SpeedTree9/UnpackDirection.uexp" 215
"../../../Engine/Content/Functions/Engine_MaterialFunctions02/ObjectLocalBounds.uasset" 216
"../../../Engine/Content/Functions/Engine_MaterialFunctions02/ObjectLocalBounds.uexp" 217
"../../../Engine/Content/Functions/Engine_MaterialFunctions02/UVs/BoundingBoxBased_0-1_UVW.uasset" 218
"../../../Engine/Content/Functions/Engine_MaterialFunctions02/UVs/BoundingBoxBased_0-1_UVW.uexp" 219
"../../../Engine/Content/Functions/Engine_MaterialFunctions02/Utility/VectorLength.uasset" 220
"../../../Engine/Content/Functions/Engine_MaterialFunctions02/Utility/VectorLength.uexp" 221
"../../../Engine/Plugins/Editor/SpeedTreeImporter/Content/SpeedTree9/UnpackInteger3.uasset" 222
"../../../Engine/Plugins/Editor/SpeedTreeImporter/Content/SpeedTree9/UnpackInteger3.uexp" 223
"../../../Engine/Plugins/Editor/SpeedTreeImporter/Content/SpeedTree9/SpeedTreeCameraFacing.uasset" 224
"../../../Engine/Plugins/Editor/SpeedTreeImporter/Content/SpeedTree9/SpeedTreeCameraFacing.uexp" 225
"../../../Engine/Content/Functions/Engine_MaterialFunctions02/WorldPositionOffset/ObjectScale.uasset" 226
"../../../Engine/Content/Functions/Engine_MaterialFunctions02/WorldPositionOffset/ObjectScale.uexp" 227
"../../../Engine/Content/Functions/Engine_MaterialFunctions02/SafeNormalize.uasset" 228
"../../../Engine/Content/Functions/Engine_MaterialFunctions02/SafeNormalize.uexp" 229
"../../../Engine/Plugins/Editor/SpeedTreeImporter/Content/SpeedTree9/SpeedTreeWindMotion.uasset" 230
"../../../Engine/Plugins/Editor/SpeedTreeImporter/Content/SpeedTree9/SpeedTreeWindMotion.uexp" 231
"../../../Engine/Plugins/Editor/SpeedTreeImporter/Content/SpeedTree9/SpeedTreeBranchMotion.uasset" 232
"../../../Engine/Plugins/Editor/SpeedTreeImporter/Content/SpeedTree9/SpeedTreeBranchMotion.uexp" 233
"../../../Engine/Plugins/Editor/SpeedTreeImporter/Content/SpeedTree9/SpeedTreeWind.uasset" 234
"../../../Engine/Plugins/Editor/SpeedTreeImporter/Content/SpeedTree9/SpeedTreeWind.uexp" 235
"../../../Engine/Plugins/Editor/SpeedTreeImporter/Content/SpeedTree9/EmptyNormal.uasset" 236
"../../../Engine/Plugins/Editor/SpeedTreeImporter/Content/SpeedTree9/EmptyNormal.uexp" 237
"../../../Engine/Plugins/Editor/SpeedTreeImporter/Content/SpeedTree9/Empty.uasset" 238
"../../../Engine/Plugins/Editor/SpeedTreeImporter/Content/SpeedTree9/Empty.uexp" 239
"../../../Engine/Plugins/Editor/SpeedTreeImporter/Content/SpeedTree9/SpeedTreeMaster.uasset" 240
"../../../Engine/Plugins/Editor/SpeedTreeImporter/Content/SpeedTree9/SpeedTreeMaster.uexp" 241
"../../../Engine/Plugins/Editor/SpeedTreeImporter/Content/SpeedTree9/SpeedTreeBillboard.uasset" 242
"../../../Engine/Plugins/Editor/SpeedTreeImporter/Content/SpeedTree9/SpeedTreeBillboard.uexp" 243
"../../../Engine/Plugins/Editor/SpeedTreeImporter/Content/SpeedTree9/SpeedTreeBillboardMaster.uasset" 244
"../../../Engine/Plugins/Editor/SpeedTreeImporter/Content/SpeedTree9/SpeedTreeBillboardMaster.uexp" 245
"../../../Engine/Plugins/Animation/ControlRig/Content/Controls/DefaultGizmoLibraryNormalized.uasset" 246
"../../../Engine/Plugins/Animation/ControlRig/Content/Controls/DefaultGizmoLibraryNormalized.uexp" 247
"../../../Engine/Plugins/Animation/ControlRig/Content/Controls/ControlRig_Wedge_solid.uasset" 248
"../../../Engine/Plugins/Animation/ControlRig/Content/Controls/ControlRig_Wedge_solid.uexp" 249
"../../../Engine/Plugins/Animation/ControlRig/Content/Controls/ControlRig_Wedge_3mm.uasset" 250
"../../../Engine/Plugins/Animation/ControlRig/Content/Controls/ControlRig_Wedge_3mm.uexp" 251
"../../../Engine/Plugins/Animation/ControlRig/Content/Controls/ControlRig_Wedge_1mm.uasset" 252
"../../../Engine/Plugins/Animation/ControlRig/Content/Controls/ControlRig_Wedge_1mm.uexp" 253
"../../../Engine/Plugins/Animation/ControlRig/Content/Controls/ControlRig_Triangle_solid.uasset" 254
"../../../Engine/Plugins/Animation/ControlRig/Content/Controls/ControlRig_Triangle_solid.uexp" 255
"../../../Engine/Plugins/Animation/ControlRig/Content/Controls/ControlRig_Triangle_3mm.uasset" 256
"../../../Engine/Plugins/Animation/ControlRig/Content/Controls/ControlRig_Triangle_3mm.uexp" 257
"../../../Engine/Plugins/Animation/ControlRig/Content/Controls/ControlRig_Triangle_1mm.uasset" 258
"../../../Engine/Plugins/Animation/ControlRig/Content/Controls/ControlRig_Triangle_1mm.uexp" 259
"../../../Engine/Plugins/Animation/ControlRig/Content/Controls/ControlRig_Star4_solid.uasset" 260
"../../../Engine/Plugins/Animation/ControlRig/Content/Controls/ControlRig_Star4_solid.uexp" 261
"../../../Engine/Plugins/Animation/ControlRig/Content/Controls/ControlRig_Star4_3mm.uasset" 262
"../../../Engine/Plugins/Animation/ControlRig/Content/Controls/ControlRig_Star4_3mm.uexp" 263
"../../../Engine/Plugins/Animation/ControlRig/Content/Controls/ControlRig_Star4_1mm.uasset" 264
"../../../Engine/Plugins/Animation/ControlRig/Content/Controls/ControlRig_Star4_1mm.uexp" 265
"../../../Engine/Plugins/Animation/ControlRig/Content/Controls/ControlRig_Square_solid.uasset" 266
"../../../Engine/Plugins/Animation/ControlRig/Content/Controls/ControlRig_Square_solid.uexp" 267
"../../../Engine/Plugins/Animation/ControlRig/Content/Controls/ControlRig_Square_3mm.uasset" 268
"../../../Engine/Plugins/Animation/ControlRig/Content/Controls/ControlRig_Square_3mm.uexp" 269
"../../../Engine/Plugins/Animation/ControlRig/Content/Controls/ControlRig_Square_1mm.uasset" 270
"../../../Engine/Plugins/Animation/ControlRig/Content/Controls/ControlRig_Square_1mm.uexp" 271
"../../../Engine/Plugins/Animation/ControlRig/Content/Controls/ControlRig_Sphere_solid.uasset" 272
"../../../Engine/Plugins/Animation/ControlRig/Content/Controls/ControlRig_Sphere_solid.uexp" 273
"../../../Engine/Plugins/Animation/ControlRig/Content/Controls/ControlRig_Sphere_3mm.uasset" 274
"../../../Engine/Plugins/Animation/ControlRig/Content/Controls/ControlRig_Sphere_3mm.uexp" 275
"../../../Engine/Plugins/Animation/ControlRig/Content/Controls/ControlRig_Sphere_1mm.uasset" 276
"../../../Engine/Plugins/Animation/ControlRig/Content/Controls/ControlRig_Sphere_1mm.uexp" 277
"../../../Engine/Plugins/Animation/ControlRig/Content/Controls/ControlRig_RoundedTriangle_solid.uasset" 278
"../../../Engine/Plugins/Animation/ControlRig/Content/Controls/ControlRig_RoundedTriangle_solid.uexp" 279
"../../../Engine/Plugins/Animation/ControlRig/Content/Controls/ControlRig_RoundedTriangle_3mm.uasset" 280
"../../../Engine/Plugins/Animation/ControlRig/Content/Controls/ControlRig_RoundedTriangle_3mm.uexp" 281
"../../../Engine/Plugins/Animation/ControlRig/Content/Controls/ControlRig_RoundedTriangle_1mm.uasset" 282
"../../../Engine/Plugins/Animation/ControlRig/Content/Controls/ControlRig_RoundedTriangle_1mm.uexp" 283
"../../../Engine/Plugins/Animation/ControlRig/Content/Controls/ControlRig_RoundedSquare_solid.uasset" 284
"../../../Engine/Plugins/Animation/ControlRig/Content/Controls/ControlRig_RoundedSquare_solid.uexp" 285
"../../../Engine/Plugins/Animation/ControlRig/Content/Controls/ControlRig_RoundedSquare_3mm.uasset" 286
"../../../Engine/Plugins/Animation/ControlRig/Content/Controls/ControlRig_RoundedSquare_3mm.uexp" 287
"../../../Engine/Plugins/Animation/ControlRig/Content/Controls/ControlRig_RoundedSquare_1mm.uasset" 288
"../../../Engine/Plugins/Animation/ControlRig/Content/Controls/ControlRig_RoundedSquare_1mm.uexp" 289
"../../../Engine/Plugins/Animation/ControlRig/Content/Controls/ControlRig_QuarterCircle_solid.uasset" 290
"../../../Engine/Plugins/Animation/ControlRig/Content/Controls/ControlRig_QuarterCircle_solid.uexp" 291
"../../../Engine/Plugins/Animation/ControlRig/Content/Controls/ControlRig_QuarterCircle_3mm.uasset" 292
"../../../Engine/Plugins/Animation/ControlRig/Content/Controls/ControlRig_QuarterCircle_3mm.uexp" 293
"../../../Engine/Plugins/Animation/ControlRig/Content/Controls/ControlRig_QuarterCircle_1mm.uasset" 294
"../../../Engine/Plugins/Animation/ControlRig/Content/Controls/ControlRig_QuarterCircle_1mm.uexp" 295
"../../../Engine/Plugins/Animation/ControlRig/Content/Controls/ControlRig_Pyramid_solid.uasset" 296
"../../../Engine/Plugins/Animation/ControlRig/Content/Controls/ControlRig_Pyramid_solid.uexp" 297
"../../../Engine/Plugins/Animation/ControlRig/Content/Controls/ControlRig_Pyramid_3mm.uasset" 298
"../../../Engine/Plugins/Animation/ControlRig/Content/Controls/ControlRig_Pyramid_3mm.uexp" 299
"../../../Engine/Plugins/Animation/ControlRig/Content/Controls/ControlRig_Pyramid_1mm.uasset" 300
"../../../Engine/Plugins/Animation/ControlRig/Content/Controls/ControlRig_Pyramid_1mm.uexp" 301
"../../../Engine/Plugins/Animation/ControlRig/Content/Controls/ControlRig_Octagon_solid.uasset" 302
"../../../Engine/Plugins/Animation/ControlRig/Content/Controls/ControlRig_Octagon_solid.uexp" 303
"../../../Engine/Plugins/Animation/ControlRig/Content/Controls/ControlRig_Octagon_3mm.uasset" 304
"../../../Engine/Plugins/Animation/ControlRig/Content/Controls/ControlRig_Octagon_3mm.uexp" 305
"../../../Engine/Plugins/Animation/ControlRig/Content/Controls/ControlRig_Octagon_1mm.uasset" 306
"../../../Engine/Plugins/Animation/ControlRig/Content/Controls/ControlRig_Octagon_1mm.uexp" 307
"../../../Engine/Plugins/Animation/ControlRig/Content/Controls/ControlRig_Hexagon_solid.uasset" 308
"../../../Engine/Plugins/Animation/ControlRig/Content/Controls/ControlRig_Hexagon_solid.uexp" 309
"../../../Engine/Plugins/Animation/ControlRig/Content/Controls/ControlRig_Hexagon_3mm.uasset" 310
"../../../Engine/Plugins/Animation/ControlRig/Content/Controls/ControlRig_Hexagon_3mm.uexp" 311
"../../../Engine/Plugins/Animation/ControlRig/Content/Controls/ControlRig_Hexagon_1mm.uasset" 312
"../../../Engine/Plugins/Animation/ControlRig/Content/Controls/ControlRig_Hexagon_1mm.uexp" 313
"../../../Engine/Plugins/Animation/ControlRig/Content/Controls/ControlRig_HalfCircle_solid.uasset" 314
"../../../Engine/Plugins/Animation/ControlRig/Content/Controls/ControlRig_HalfCircle_solid.uexp" 315
"../../../Engine/Plugins/Animation/ControlRig/Content/Controls/ControlRig_HalfCircle_3mm.uasset" 316
"../../../Engine/Plugins/Animation/ControlRig/Content/Controls/ControlRig_HalfCircle_3mm.uexp" 317
"../../../Engine/Plugins/Animation/ControlRig/Content/Controls/ControlRig_HalfCircle_1mm.uasset" 318
"../../../Engine/Plugins/Animation/ControlRig/Content/Controls/ControlRig_HalfCircle_1mm.uexp" 319
"../../../Engine/Plugins/Animation/ControlRig/Content/Controls/ControlRig_Diamond_solid.uasset" 320
"../../../Engine/Plugins/Animation/ControlRig/Content/Controls/ControlRig_Diamond_solid.uexp" 321
"../../../Engine/Plugins/Animation/ControlRig/Content/Controls/ControlRig_Diamond_3mm.uasset" 322
"../../../Engine/Plugins/Animation/ControlRig/Content/Controls/ControlRig_Diamond_3mm.uexp" 323
"../../../Engine/Plugins/Animation/ControlRig/Content/Controls/ControlRig_Diamond_1mm.uasset" 324
"../../../Engine/Plugins/Animation/ControlRig/Content/Controls/ControlRig_Diamond_1mm.uexp" 325
"../../../Engine/Plugins/Animation/ControlRig/Content/Controls/ControlRig_Circle_solid.uasset" 326
"../../../Engine/Plugins/Animation/ControlRig/Content/Controls/ControlRig_Circle_solid.uexp" 327
"../../../Engine/Plugins/Animation/ControlRig/Content/Controls/ControlRig_Circle_3mm.uasset" 328
"../../../Engine/Plugins/Animation/ControlRig/Content/Controls/ControlRig_Circle_3mm.uexp" 329
"../../../Engine/Plugins/Animation/ControlRig/Content/Controls/ControlRig_Circle_1mm.uasset" 330
"../../../Engine/Plugins/Animation/ControlRig/Content/Controls/ControlRig_Circle_1mm.uexp" 331
"../../../Engine/Plugins/Animation/ControlRig/Content/Controls/ControlRig_Box_solid.uasset" 332
"../../../Engine/Plugins/Animation/ControlRig/Content/Controls/ControlRig_Box_solid.uexp" 333
"../../../Engine/Plugins/Animation/ControlRig/Content/Controls/ControlRig_Box_3mm.uasset" 334
"../../../Engine/Plugins/Animation/ControlRig/Content/Controls/ControlRig_Box_3mm.uexp" 335
"../../../Engine/Plugins/Animation/ControlRig/Content/Controls/ControlRig_Box_1mm.uasset" 336
"../../../Engine/Plugins/Animation/ControlRig/Content/Controls/ControlRig_Box_1mm.uexp" 337
"../../../Engine/Plugins/Animation/ControlRig/Content/Controls/ControlRig_Arrow_solid.uasset" 338
"../../../Engine/Plugins/Animation/ControlRig/Content/Controls/ControlRig_Arrow_solid.uexp" 339
"../../../Engine/Plugins/Animation/ControlRig/Content/Controls/ControlRig_Arrow_3mm.uasset" 340
"../../../Engine/Plugins/Animation/ControlRig/Content/Controls/ControlRig_Arrow_3mm.uexp" 341
"../../../Engine/Plugins/Animation/ControlRig/Content/Controls/ControlRig_Arrow_1mm.uasset" 342
"../../../Engine/Plugins/Animation/ControlRig/Content/Controls/ControlRig_Arrow_1mm.uexp" 343
"../../../Engine/Plugins/Animation/ControlRig/Content/Controls/ControlRig_Arrow4_solid.uasset" 344
"../../../Engine/Plugins/Animation/ControlRig/Content/Controls/ControlRig_Arrow4_solid.uexp" 345
"../../../Engine/Plugins/Animation/ControlRig/Content/Controls/ControlRig_Arrow4_3mm.uasset" 346
"../../../Engine/Plugins/Animation/ControlRig/Content/Controls/ControlRig_Arrow4_3mm.uexp" 347
"../../../Engine/Plugins/Animation/ControlRig/Content/Controls/ControlRig_Arrow4_1mm.uasset" 348
"../../../Engine/Plugins/Animation/ControlRig/Content/Controls/ControlRig_Arrow4_1mm.uexp" 349
"../../../Engine/Plugins/Animation/ControlRig/Content/Controls/ControlRig_Arrow2_solid.uasset" 350
"../../../Engine/Plugins/Animation/ControlRig/Content/Controls/ControlRig_Arrow2_solid.uexp" 351
"../../../Engine/Plugins/Animation/ControlRig/Content/Controls/ControlRig_Arrow2_3mm.uasset" 352
"../../../Engine/Plugins/Animation/ControlRig/Content/Controls/ControlRig_Arrow2_3mm.uexp" 353
"../../../Engine/Plugins/Animation/ControlRig/Content/Controls/ControlRig_Arrow2_1mm.uasset" 354
"../../../Engine/Plugins/Animation/ControlRig/Content/Controls/ControlRig_Arrow2_1mm.uexp" 355
"../../../Engine/Plugins/Animation/ControlRig/Content/Controls/ControlRigXRayMaterial.uasset" 356
"../../../Engine/Plugins/Animation/ControlRig/Content/Controls/ControlRigXRayMaterial.uexp" 357
"../../../Engine/Plugins/Animation/ControlRig/Content/Controls/ControlRigGizmoMaterial.uasset" 358
"../../../Engine/Plugins/Animation/ControlRig/Content/Controls/ControlRigGizmoMaterial.uexp" 359
"../../../Engine/Content/VREditor/TransformGizmo/StartRotationHandleIndicator.uasset" 360
"../../../Engine/Content/VREditor/TransformGizmo/StartRotationHandleIndicator.uexp" 361
"../../../Engine/Content/VREditor/Sounds/UI/Drop_Item_From_ContentBrowser.ubulk" 362
"../../../Engine/Content/VREditor/Sounds/UI/Drop_Item_From_ContentBrowser.uasset" 363
"../../../Engine/Content/VREditor/Sounds/UI/Drop_Item_From_ContentBrowser.uexp" 364
"../../../Engine/Content/VREditor/TransformGizmo/PlaneTranslationHandle.uasset" 365
"../../../Engine/Content/VREditor/TransformGizmo/PlaneTranslationHandle.uexp" 366
"../../../Engine/Content/VREditor/Sounds/UI/Object_Snaps_To_Grid.ubulk" 367
"../../../Engine/Content/VREditor/Sounds/UI/Object_Snaps_To_Grid.uasset" 368
"../../../Engine/Content/VREditor/Sounds/UI/Object_Snaps_To_Grid.uexp" 369
"../../../Engine/Content/VREditor/Sounds/UI/Selection_Changes.ubulk" 370
"../../../Engine/Content/VREditor/Sounds/UI/Selection_Changes.uasset" 371
"../../../Engine/Content/VREditor/Sounds/UI/Selection_Changes.uexp" 372
"../../../Engine/Content/VREditor/Sounds/UI/Object_Snaps_To_Another_Actor.ubulk" 373
"../../../Engine/Content/VREditor/Sounds/UI/Object_Snaps_To_Another_Actor.uasset" 374
"../../../Engine/Content/VREditor/Sounds/UI/Object_Snaps_To_Another_Actor.uexp" 375
"../../../Engine/Content/VREditor/TransformGizmo/TranslucentTransformGizmoMaterial_Inst.uasset" 376
"../../../Engine/Content/VREditor/TransformGizmo/TranslucentTransformGizmoMaterial_Inst.uexp" 377
"../../../Engine/Content/VREditor/TransformGizmo/TransformGizmoFreeRotation.uasset" 378
"../../../Engine/Content/VREditor/TransformGizmo/TransformGizmoFreeRotation.uexp" 379
"../../../Engine/Content/VREditor/Sounds/UI/Scaling_Down.ubulk" 380
"../../../Engine/Content/VREditor/Sounds/UI/Scaling_Down.uasset" 381
"../../../Engine/Content/VREditor/Sounds/UI/Scaling_Down.uexp" 382
"../../../Engine/Content/Functions/Engine_MaterialFunctions02/Math/Transform3x3Matrix.uasset" 383
"../../../Engine/Content/Functions/Engine_MaterialFunctions02/Math/Transform3x3Matrix.uexp" 384
"../../../Engine/Content/Functions/Engine_MaterialFunctions02/SplitComponents.uasset" 385
"../../../Engine/Content/Functions/Engine_MaterialFunctions02/SplitComponents.uexp" 386
"../../../Engine/Content/Functions/Engine_MaterialFunctions02/Utility/MakeFloat3.uasset" 387
"../../../Engine/Content/Functions/Engine_MaterialFunctions02/Utility/MakeFloat3.uexp" 388
"../../../Engine/Content/VREditor/SnapGrid/SnapGridMaterial.uasset" 389
"../../../Engine/Content/VREditor/SnapGrid/SnapGridMaterial.uexp" 390
"../../../Engine/Content/VREditor/SnapGrid/SnapGridPlaneMesh.uasset" 391
"../../../Engine/Content/VREditor/SnapGrid/SnapGridPlaneMesh.uexp" 392
"../../../Engine/Content/VREditor/Sounds/UI/Scaling_Up.ubulk" 393
"../../../Engine/Content/VREditor/Sounds/UI/Scaling_Up.uasset" 394
"../../../Engine/Content/VREditor/Sounds/UI/Scaling_Up.uexp" 395
"../../../Engine/Content/VREditor/TransformGizmo/TransformGizmoMaterial_Inst.uasset" 396
"../../../Engine/Content/VREditor/TransformGizmo/TransformGizmoMaterial_Inst.uexp" 397
"../../../Engine/Content/VREditor/Sounds/UI/Gizmo_Handle_Clicked.ubulk" 398
"../../../Engine/Content/VREditor/Sounds/UI/Gizmo_Handle_Clicked.uasset" 399
"../../../Engine/Content/VREditor/Sounds/UI/Gizmo_Handle_Clicked.uexp" 400
"../../../Engine/Content/VREditor/TransformGizmo/RotationHandleQuarter.uasset" 401
"../../../Engine/Content/VREditor/TransformGizmo/RotationHandleQuarter.uexp" 402
"../../../Engine/Content/VREditor/TransformGizmo/TranslateArrowHandle.uasset" 403
"../../../Engine/Content/VREditor/TransformGizmo/TranslateArrowHandle.uexp" 404
"../../../Engine/Content/VREditor/TransformGizmo/RotationHandleIndicator.uasset" 405
"../../../Engine/Content/VREditor/TransformGizmo/RotationHandleIndicator.uexp" 406
"../../../Engine/Content/VREditor/TransformGizmo/UniformScaleHandle.uasset" 407
"../../../Engine/Content/VREditor/TransformGizmo/UniformScaleHandle.uexp" 408
"../../../Engine/Content/VREditor/TransformGizmo/RotationHandleFull.uasset" 409
"../../../Engine/Content/VREditor/TransformGizmo/RotationHandleFull.uexp" 410
"../../../Engine/Content/VREditor/Sounds/UI/Object_PickUp.ubulk" 411
"../../../Engine/Content/VREditor/Sounds/UI/Object_PickUp.uasset" 412
"../../../Engine/Content/VREditor/Sounds/UI/Object_PickUp.uexp" 413
"../../../Engine/Content/EngineSounds/Master.uasset" 414
"../../../Engine/Content/EngineSounds/Master.uexp" 415
"../../../Engine/Content/EngineResources/WhiteSquareTexture.uasset" 416
"../../../Engine/Content/EngineResources/WhiteSquareTexture.uexp" 417
"../../../Engine/Content/EngineMaterials/Widget3DPassThrough.uasset" 418
"../../../Engine/Content/EngineMaterials/Widget3DPassThrough.uexp" 419
"../../../Engine/Content/EngineMaterials/Widget3DPassThrough_Translucent.uasset" 420
"../../../Engine/Content/EngineMaterials/Widget3DPassThrough_Translucent.uexp" 421
"../../../Engine/Content/EngineMaterials/Widget3DPassThrough_Translucent_OneSided.uasset" 422
"../../../Engine/Content/EngineMaterials/Widget3DPassThrough_Translucent_OneSided.uexp" 423
"../../../Engine/Content/EngineMaterials/Widget3DPassThrough_Opaque.uasset" 424
"../../../Engine/Content/EngineMaterials/Widget3DPassThrough_Opaque.uexp" 425
"../../../Engine/Content/EngineMaterials/Widget3DPassThrough_Opaque_OneSided.uasset" 426
"../../../Engine/Content/EngineMaterials/Widget3DPassThrough_Opaque_OneSided.uexp" 427
"../../../Engine/Content/EngineMaterials/Widget3DPassThrough_Masked_OneSided.uasset" 428
"../../../Engine/Content/EngineMaterials/Widget3DPassThrough_Masked_OneSided.uexp" 429
"../../../Engine/Content/EngineMaterials/Widget3DPassThrough_Masked.uasset" 430
"../../../Engine/Content/EngineMaterials/Widget3DPassThrough_Masked.uexp" 431
"../../../Engine/Content/EngineMaterials/STBlueNoise_vec2_128x128x64.uasset" 432
"../../../Engine/Content/EngineMaterials/STBlueNoise_vec2_128x128x64.uexp" 433
"../../../Engine/Content/EngineMaterials/STBlueNoise_scalar_128x128x64.uasset" 434
"../../../Engine/Content/EngineMaterials/STBlueNoise_scalar_128x128x64.uexp" 435
"../../../Engine/Content/EngineMaterials/RemoveSurfaceMaterial.uasset" 436
"../../../Engine/Content/EngineMaterials/RemoveSurfaceMaterial.uexp" 437
"../../../Engine/Content/EngineMaterials/DefaultCalibrationGrayscale.uasset" 438
"../../../Engine/Content/EngineMaterials/DefaultCalibrationGrayscale.uexp" 439
"../../../Engine/Content/EngineMaterials/PPM_DefaultCalibrationGrayscale.uasset" 440
"../../../Engine/Content/EngineMaterials/PPM_DefaultCalibrationGrayscale.uexp" 441
"../../../Engine/Content/EngineMaterials/DefaultCalibrationColor.uasset" 442
"../../../Engine/Content/EngineMaterials/DefaultCalibrationColor.uexp" 443
"../../../Engine/Content/EngineMaterials/PPM_DefaultCalibrationColor.uasset" 444
"../../../Engine/Content/EngineMaterials/PPM_DefaultCalibrationColor.uexp" 445
"../../../Engine/Content/EngineMaterials/PhAT_JointLimitMaterial.uasset" 446
"../../../Engine/Content/EngineMaterials/PhAT_JointLimitMaterial.uexp" 447
"../../../Engine/Content/EngineMaterials/NaniteHiddenSectionMaterial.uasset" 448
"../../../Engine/Content/EngineMaterials/NaniteHiddenSectionMaterial.uexp" 449
"../../../Engine/Content/EngineMaterials/InvalidLightmapSettings.ubulk" 450
"../../../Engine/Content/EngineMaterials/InvalidLightmapSettings.uasset" 451
"../../../Engine/Content/EngineMaterials/InvalidLightmapSettings.uexp" 452
"../../../Engine/Content/EngineMaterials/M_InvalidLightmapSettings.uasset" 453
"../../../Engine/Content/EngineMaterials/M_InvalidLightmapSettings.uexp" 454
"../../../Engine/Content/EngineMaterials/GizmoMaterial.uasset" 455
"../../../Engine/Content/EngineMaterials/GizmoMaterial.uexp" 456
"../../../Engine/Content/EngineMaterials/BaseFlattenEmissiveMap_VT.uasset" 457
"../../../Engine/Content/EngineMaterials/BaseFlattenEmissiveMap_VT.uexp" 458
"../../../Engine/Content/EngineMaterials/BaseFlattenGrayscaleMap_VT.uasset" 459
"../../../Engine/Content/EngineMaterials/BaseFlattenGrayscaleMap_VT.uexp" 460
"../../../Engine/Content/EngineMaterials/BaseFlattenLinearColor_VT.uasset" 461
"../../../Engine/Content/EngineMaterials/BaseFlattenLinearColor_VT.uexp" 462
"../../../Engine/Content/EngineMaterials/Black_1x1_EXR_Texture_VT.uasset" 463
"../../../Engine/Content/EngineMaterials/Black_1x1_EXR_Texture_VT.uexp" 464
"../../../Engine/Content/EngineMaterials/BaseFlattenDiffuseMap_VT.uasset" 465
"../../../Engine/Content/EngineMaterials/BaseFlattenDiffuseMap_VT.uexp" 466
"../../../Engine/Content/EngineMaterials/BaseFlattenNormalMap_VT.uasset" 467
"../../../Engine/Content/EngineMaterials/BaseFlattenNormalMap_VT.uexp" 468
"../../../Engine/Content/EngineMaterials/FlattenMaterial_VT.uasset" 469
"../../../Engine/Content/EngineMaterials/FlattenMaterial_VT.uexp" 470
"../../../Engine/Content/EngineMaterials/BaseFlattenNormalMap.uasset" 471
"../../../Engine/Content/EngineMaterials/BaseFlattenNormalMap.uexp" 472
"../../../Engine/Content/EngineMaterials/BaseFlattenGrayscaleMap.uasset" 473
"../../../Engine/Content/EngineMaterials/BaseFlattenGrayscaleMap.uexp" 474
"../../../Engine/Content/EngineMaterials/BaseFlattenDiffuseMap.uasset" 475
"../../../Engine/Content/EngineMaterials/BaseFlattenDiffuseMap.uexp" 476
"../../../Engine/Content/Functions/Engine_MaterialFunctions02/PivotPainter2/Black_1x1_EXR_Texture.uasset" 477
"../../../Engine/Content/Functions/Engine_MaterialFunctions02/PivotPainter2/Black_1x1_EXR_Texture.uexp" 478
"../../../Engine/Content/EngineMaterials/BaseFlattenEmissiveMap.uasset" 479
"../../../Engine/Content/EngineMaterials/BaseFlattenEmissiveMap.uexp" 480
"../../../Engine/Content/EngineMaterials/BaseFlattenLinearColor.uasset" 481
"../../../Engine/Content/EngineMaterials/BaseFlattenLinearColor.uexp" 482
"../../../Engine/Content/EngineMaterials/FlattenMaterial.uasset" 483
"../../../Engine/Content/EngineMaterials/FlattenMaterial.uexp" 484
"../../../Engine/Content/EngineMaterials/DefaultWhiteGrid_Low.uasset" 485
"../../../Engine/Content/EngineMaterials/DefaultWhiteGrid_Low.uexp" 486
"../../../Engine/Content/EngineMaterials/EmissiveMeshMaterial.uasset" 487
"../../../Engine/Content/EngineMaterials/EmissiveMeshMaterial.uexp" 488
"../../../Engine/Content/EngineFonts/RobotoDistanceField.uasset" 489
"../../../Engine/Content/EngineFonts/RobotoDistanceField.uexp" 490
"../../../Engine/Content/EngineMaterials/DefaultTextMaterialOpaque.uasset" 491
"../../../Engine/Content/EngineMaterials/DefaultTextMaterialOpaque.uexp" 492
"../../../Engine/Content/EngineMaterials/DefaultDiffuse.ubulk" 493
"../../../Engine/Content/EngineMaterials/DefaultDiffuse.uasset" 494
"../../../Engine/Content/EngineMaterials/DefaultDiffuse.uexp" 495
"../../../Engine/Content/Functions/Engine_MaterialFunctions02/Utility/BreakOutFloat2Components.uasset" 496
"../../../Engine/Content/Functions/Engine_MaterialFunctions02/Utility/BreakOutFloat2Components.uexp" 497
"../../../Engine/Content/EngineMaterials/DefaultPostProcessMaterial.uasset" 498
"../../../Engine/Content/EngineMaterials/DefaultPostProcessMaterial.uexp" 499
"../../../Engine/Content/EngineMaterials/DefaultLightFunctionMaterial.uasset" 500
"../../../Engine/Content/EngineMaterials/DefaultLightFunctionMaterial.uexp" 501
"../../../Engine/Content/EngineMaterials/DefaultDestructiblePhysicalMaterial.uasset" 502
"../../../Engine/Content/EngineMaterials/DefaultDestructiblePhysicalMaterial.uexp" 503
"../../../Engine/Content/EngineMaterials/DefaultDeferredDecalMaterial.uasset" 504
"../../../Engine/Content/EngineMaterials/DefaultDeferredDecalMaterial.uexp" 505
"../../../Engine/Content/EngineMaterials/DefaultBloomKernel.uasset" 506
"../../../Engine/Content/EngineMaterials/DefaultBloomKernel.uexp" 507
"../../../Engine/Content/EngineFonts/Faces/RobotoLight.uexp" 508
"../../../Engine/Content/EngineFonts/Faces/RobotoLight.uasset" 509
"../../../Engine/Content/EngineFonts/Faces/RobotoLight.ufont" 510
"../../../Engine/Content/EngineFonts/Faces/RobotoBold.uexp" 511
"../../../Engine/Content/EngineFonts/Faces/RobotoBold.uasset" 512
"../../../Engine/Content/EngineFonts/Faces/RobotoBold.ufont" 513
"../../../Engine/Content/EngineFonts/Faces/RobotoRegular.uexp" 514
"../../../Engine/Content/EngineFonts/Faces/RobotoRegular.uasset" 515
"../../../Engine/Content/EngineFonts/Faces/RobotoRegular.ufont" 516
"../../../Engine/Content/EngineFonts/Faces/DroidSansFallback.uexp" 517
"../../../Engine/Content/EngineFonts/Faces/DroidSansFallback.uasset" 518
"../../../Engine/Content/EngineFonts/Faces/DroidSansFallback.ufont" 519
"../../../Engine/Content/EngineFonts/Faces/RobotoItalic.uexp" 520
"../../../Engine/Content/EngineFonts/Faces/RobotoItalic.uasset" 521
"../../../Engine/Content/EngineFonts/Faces/RobotoItalic.ufont" 522
"../../../Engine/Content/EngineFonts/Faces/RobotoBoldItalic.uexp" 523
"../../../Engine/Content/EngineFonts/Faces/RobotoBoldItalic.uasset" 524
"../../../Engine/Content/EngineFonts/Faces/RobotoBoldItalic.ufont" 525
"../../../Engine/Content/EngineFonts/Roboto.uasset" 526
"../../../Engine/Content/EngineFonts/Roboto.uexp" 527
"../../../Engine/Content/EngineDebugMaterials/VolumeToRender.uasset" 528
"../../../Engine/Content/EngineDebugMaterials/VolumeToRender.uexp" 529
"../../../Engine/Content/EngineDebugMaterials/M_VolumeRenderSphereTracePP.uasset" 530
"../../../Engine/Content/EngineDebugMaterials/M_VolumeRenderSphereTracePP.uexp" 531
"../../../Engine/Content/EngineDebugMaterials/M_SimpleUnlitTranslucent.uasset" 532
"../../../Engine/Content/EngineDebugMaterials/M_SimpleUnlitTranslucent.uexp" 533
"../../../Engine/Content/EngineDebugMaterials/DebugMeshMaterial.uasset" 534
"../../../Engine/Content/EngineDebugMaterials/DebugMeshMaterial.uexp" 535
"../../../Engine/Content/EngineDebugMaterials/DebugEditorMaterial.uasset" 536
"../../../Engine/Content/EngineDebugMaterials/DebugEditorMaterial.uexp" 537
"../../../Engine/Content/EngineDamageTypes/DmgTypeBP_Environmental.uasset" 538
"../../../Engine/Content/EngineDamageTypes/DmgTypeBP_Environmental.uexp" 539
"../../../Engine/Content/EditorResources/S_Terrain.ubulk" 540
"../../../Engine/Content/EditorResources/S_Terrain.uasset" 541
"../../../Engine/Content/EditorResources/S_Terrain.uexp" 542
"../../../Engine/Content/EditorResources/EmptyActor.uasset" 543
"../../../Engine/Content/EditorResources/EmptyActor.uexp" 544
"../../../Engine/Content/EditorResources/BSPVertex.uasset" 545
"../../../Engine/Content/EditorResources/BSPVertex.uexp" 546
"../../../Engine/Content/EditorMaterials/PreviewShadowIndicator.ubulk" 547
"../../../Engine/Content/EditorMaterials/PreviewShadowIndicator.uasset" 548
"../../../Engine/Content/EditorMaterials/PreviewShadowIndicator.uexp" 549
"../../../Engine/Content/EditorMaterials/PreviewShadowIndicatorMaterial.uasset" 550
"../../../Engine/Content/EditorMaterials/PreviewShadowIndicatorMaterial.uexp" 551
"../../../Engine/Content/EditorMaterials/PhAT_UnselectedMaterial.uasset" 552
"../../../Engine/Content/EditorMaterials/PhAT_UnselectedMaterial.uexp" 553
"../../../Engine/Content/EditorMaterials/PhAT_NoCollisionMaterial.uasset" 554
"../../../Engine/Content/EditorMaterials/PhAT_NoCollisionMaterial.uexp" 555
"../../../Engine/Content/EditorLandscapeResources/DefaultAlphaTexture.uasset" 556
"../../../Engine/Content/EditorLandscapeResources/DefaultAlphaTexture.uexp" 557
"../../../Engine/Content/EditorLandscapeResources/DataLayer.uasset" 558
"../../../Engine/Content/EditorLandscapeResources/DataLayer.uexp" 559
"../../../Engine/Content/EngineMaterials/DefaultMaterial.uasset" 560
"../../../Engine/Content/EngineMaterials/DefaultMaterial.uexp" 561
"../../../Engine/Content/BasicShapes/Sphere.uasset" 562
"../../../Engine/Content/BasicShapes/Sphere.uexp" 563
"../../../Engine/Content/BasicShapes/Plane.uasset" 564
"../../../Engine/Content/BasicShapes/Plane.uexp" 565
"../../../Engine/Content/BasicShapes/Cylinder.uasset" 566
"../../../Engine/Content/BasicShapes/Cylinder.uexp" 567
"../../../Engine/Content/BasicShapes/Cube.uasset" 568
"../../../Engine/Content/BasicShapes/Cube.uexp" 569
"../../../Engine/Content/BasicShapes/Cone.uasset" 570
"../../../Engine/Content/BasicShapes/Cone.uexp" 571
"../../../Engine/Content/BasicShapes/BasicShapeMaterial.uasset" 572
"../../../Engine/Content/BasicShapes/BasicShapeMaterial.uexp" 573
"../../../Engine/Content/Animation/DefaultVariableFrameStrippingSettings.uasset" 574
"../../../Engine/Content/Animation/DefaultVariableFrameStrippingSettings.uexp" 575
"../../../Engine/Content/Animation/DefaultRecorderBoneCompression.uasset" 576
"../../../Engine/Content/Animation/DefaultRecorderBoneCompression.uexp" 577
"../../../Engine/Plugins/Interchange/Runtime/Content/gltf/MaterialFunctions/MF_RotateV2.uasset" 578
"../../../Engine/Plugins/Interchange/Runtime/Content/gltf/MaterialFunctions/MF_RotateV2.uexp" 579
"../../../Engine/Plugins/Interchange/Runtime/Content/gltf/MaterialFunctions/MF_TransformUVs.uasset" 580
"../../../Engine/Plugins/Interchange/Runtime/Content/gltf/MaterialFunctions/MF_TransformUVs.uexp" 581
"../../../Engine/Plugins/Interchange/Runtime/Content/gltf/Textures/T_White_srgb.uasset" 582
"../../../Engine/Plugins/Interchange/Runtime/Content/gltf/Textures/T_White_srgb.uexp" 583
"../../../Engine/Plugins/Interchange/Runtime/Content/gltf/MaterialFunctions/MF_BaseColor.uasset" 584
"../../../Engine/Plugins/Interchange/Runtime/Content/gltf/MaterialFunctions/MF_BaseColor.uexp" 585
"../../../Engine/Plugins/Interchange/Runtime/Content/gltf/MaterialBodies/MF_Unlit_Body.uasset" 586
"../../../Engine/Plugins/Interchange/Runtime/Content/gltf/MaterialBodies/MF_Unlit_Body.uexp" 587
"../../../Engine/Plugins/Interchange/Runtime/Content/gltf/M_Unlit.uasset" 588
"../../../Engine/Plugins/Interchange/Runtime/Content/gltf/M_Unlit.uexp" 589
"../../../Engine/Plugins/Interchange/Runtime/Content/gltf/MaterialInstances/MI_Unlit_Opaque_DS.uasset" 590
"../../../Engine/Plugins/Interchange/Runtime/Content/gltf/MaterialInstances/MI_Unlit_Opaque_DS.uexp" 591
"../../../Engine/Plugins/Interchange/Runtime/Content/gltf/MaterialInstances/MI_Unlit_Opaque.uasset" 592
"../../../Engine/Plugins/Interchange/Runtime/Content/gltf/MaterialInstances/MI_Unlit_Opaque.uexp" 593
"../../../Engine/Plugins/Interchange/Runtime/Content/gltf/MaterialInstances/MI_Unlit_Mask_DS.uasset" 594
"../../../Engine/Plugins/Interchange/Runtime/Content/gltf/MaterialInstances/MI_Unlit_Mask_DS.uexp" 595
"../../../Engine/Plugins/Interchange/Runtime/Content/gltf/MaterialInstances/MI_Unlit_Mask.uasset" 596
"../../../Engine/Plugins/Interchange/Runtime/Content/gltf/MaterialInstances/MI_Unlit_Mask.uexp" 597
"../../../Engine/Plugins/Interchange/Runtime/Content/gltf/MaterialInstances/MI_Unlit_Blend_DS.uasset" 598
"../../../Engine/Plugins/Interchange/Runtime/Content/gltf/MaterialInstances/MI_Unlit_Blend_DS.uexp" 599
"../../../Engine/Plugins/Interchange/Runtime/Content/gltf/MaterialInstances/MI_Unlit_Blend.uasset" 600
"../../../Engine/Plugins/Interchange/Runtime/Content/gltf/MaterialInstances/MI_Unlit_Blend.uexp" 601
"../../../Engine/Plugins/Interchange/Runtime/Content/gltf/MaterialFunctions/MF_Iridescence.uasset" 602
"../../../Engine/Plugins/Interchange/Runtime/Content/gltf/MaterialFunctions/MF_Iridescence.uexp" 603
"../../../Engine/Plugins/Interchange/Runtime/Content/gltf/Textures/T_White_Linear.uasset" 604
"../../../Engine/Plugins/Interchange/Runtime/Content/gltf/Textures/T_White_Linear.uexp" 605
"../../../Engine/Plugins/Interchange/Runtime/Content/gltf/MaterialFunctions/MF_MetallicRoughness.uasset" 606
"../../../Engine/Plugins/Interchange/Runtime/Content/gltf/MaterialFunctions/MF_MetallicRoughness.uexp" 607
"../../../Engine/Plugins/Interchange/Runtime/Content/gltf/MaterialFunctions/MF_Transmission.uasset" 608
"../../../Engine/Plugins/Interchange/Runtime/Content/gltf/MaterialFunctions/MF_Transmission.uexp" 609
"../../../Engine/Plugins/Interchange/Runtime/Content/gltf/MaterialFunctions/MF_Occlusion.uasset" 610
"../../../Engine/Plugins/Interchange/Runtime/Content/gltf/MaterialFunctions/MF_Occlusion.uexp" 611
"../../../Engine/Plugins/Interchange/Runtime/Content/gltf/MaterialFunctions/MF_Specular.uasset" 612
"../../../Engine/Plugins/Interchange/Runtime/Content/gltf/MaterialFunctions/MF_Specular.uexp" 613
"../../../Engine/Plugins/Interchange/Runtime/Content/gltf/MaterialFunctions/MF_IOR.uasset" 614
"../../../Engine/Plugins/Interchange/Runtime/Content/gltf/MaterialFunctions/MF_IOR.uexp" 615
"../../../Engine/Plugins/Interchange/Runtime/Content/gltf/MaterialFunctions/MF_RotateNormals_TS.uasset" 616
"../../../Engine/Plugins/Interchange/Runtime/Content/gltf/MaterialFunctions/MF_RotateNormals_TS.uexp" 617
"../../../Engine/Plugins/Interchange/Runtime/Content/gltf/Textures/T_Generic_N.uasset" 618
"../../../Engine/Plugins/Interchange/Runtime/Content/gltf/Textures/T_Generic_N.uexp" 619
"../../../Engine/Plugins/Interchange/Runtime/Content/gltf/MaterialFunctions/MF_Normals.uasset" 620
"../../../Engine/Plugins/Interchange/Runtime/Content/gltf/MaterialFunctions/MF_Normals.uexp" 621
"../../../Engine/Plugins/Interchange/Runtime/Content/gltf/MaterialBodies/MF_Transmission_Body.uasset" 622
"../../../Engine/Plugins/Interchange/Runtime/Content/gltf/MaterialBodies/MF_Transmission_Body.uexp" 623
"../../../Engine/Plugins/Interchange/Runtime/Content/gltf/M_Transmission.uasset" 624
"../../../Engine/Plugins/Interchange/Runtime/Content/gltf/M_Transmission.uexp" 625
"../../../Engine/Plugins/Interchange/Runtime/Content/gltf/MaterialInstances/MI_Transmission_DS.uasset" 626
"../../../Engine/Plugins/Interchange/Runtime/Content/gltf/MaterialInstances/MI_Transmission_DS.uexp" 627
"../../../Engine/Plugins/Interchange/Runtime/Content/gltf/MaterialInstances/MI_Transmission.uasset" 628
"../../../Engine/Plugins/Interchange/Runtime/Content/gltf/MaterialInstances/MI_Transmission.uexp" 629
"../../../Engine/Plugins/Interchange/Runtime/Content/gltf/MaterialFunctions/MF_DiffuseSpecGloss.uasset" 630
"../../../Engine/Plugins/Interchange/Runtime/Content/gltf/MaterialFunctions/MF_DiffuseSpecGloss.uexp" 631
"../../../Engine/Content/Functions/Engine_MaterialFunctions02/Math/AddComponents.uasset" 632
"../../../Engine/Content/Functions/Engine_MaterialFunctions02/Math/AddComponents.uexp" 633
"../../../Engine/Plugins/Interchange/Runtime/Content/gltf/MaterialFunctions/MF_PerceivedBrightness.uasset" 634
"../../../Engine/Plugins/Interchange/Runtime/Content/gltf/MaterialFunctions/MF_PerceivedBrightness.uexp" 635
"../../../Engine/Plugins/Interchange/Runtime/Content/gltf/MaterialFunctions/MF_Emissive.uasset" 636
"../../../Engine/Plugins/Interchange/Runtime/Content/gltf/MaterialFunctions/MF_Emissive.uexp" 637
"../../../Engine/Plugins/Interchange/Runtime/Content/gltf/MaterialFunctions/MF_SpecGlossToMetalRoughness.uasset" 638
"../../../Engine/Plugins/Interchange/Runtime/Content/gltf/MaterialFunctions/MF_SpecGlossToMetalRoughness.uexp" 639
"../../../Engine/Plugins/Interchange/Runtime/Content/gltf/MaterialBodies/MF_SpecularGlossiness_Body.uasset" 640
"../../../Engine/Plugins/Interchange/Runtime/Content/gltf/MaterialBodies/MF_SpecularGlossiness_Body.uexp" 641
"../../../Engine/Plugins/Interchange/Runtime/Content/gltf/M_SpecularGlossiness.uasset" 642
"../../../Engine/Plugins/Interchange/Runtime/Content/gltf/M_SpecularGlossiness.uexp" 643
"../../../Engine/Plugins/Interchange/Runtime/Content/gltf/MaterialInstances/MI_SpecularGlossiness_Opaque_DS.uasset" 644
"../../../Engine/Plugins/Interchange/Runtime/Content/gltf/MaterialInstances/MI_SpecularGlossiness_Opaque_DS.uexp" 645
"../../../Engine/Plugins/Interchange/Runtime/Content/gltf/MaterialInstances/MI_SpecularGlossiness_Opaque.uasset" 646
"../../../Engine/Plugins/Interchange/Runtime/Content/gltf/MaterialInstances/MI_SpecularGlossiness_Opaque.uexp" 647
"../../../Engine/Plugins/Interchange/Runtime/Content/gltf/MaterialInstances/MI_SpecularGlossiness_Mask_DS.uasset" 648
"../../../Engine/Plugins/Interchange/Runtime/Content/gltf/MaterialInstances/MI_SpecularGlossiness_Mask_DS.uexp" 649
"../../../Engine/Plugins/Interchange/Runtime/Content/gltf/MaterialInstances/MI_SpecularGlossiness_Mask.uasset" 650
"../../../Engine/Plugins/Interchange/Runtime/Content/gltf/MaterialInstances/MI_SpecularGlossiness_Mask.uexp" 651
"../../../Engine/Plugins/Interchange/Runtime/Content/gltf/MaterialInstances/MI_SpecularGlossiness_Blend_DS.uasset" 652
"../../../Engine/Plugins/Interchange/Runtime/Content/gltf/MaterialInstances/MI_SpecularGlossiness_Blend_DS.uexp" 653
"../../../Engine/Plugins/Interchange/Runtime/Content/gltf/MaterialInstances/MI_SpecularGlossiness_Blend.uasset" 654
"../../../Engine/Plugins/Interchange/Runtime/Content/gltf/MaterialInstances/MI_SpecularGlossiness_Blend.uexp" 655
"../../../Engine/Plugins/Interchange/Runtime/Content/gltf/MaterialFunctions/MF_Sheen.uasset" 656
"../../../Engine/Plugins/Interchange/Runtime/Content/gltf/MaterialFunctions/MF_Sheen.uexp" 657
"../../../Engine/Plugins/Interchange/Runtime/Content/gltf/MaterialBodies/MF_Sheen_Body.uasset" 658
"../../../Engine/Plugins/Interchange/Runtime/Content/gltf/MaterialBodies/MF_Sheen_Body.uexp" 659
"../../../Engine/Plugins/Interchange/Runtime/Content/gltf/M_Sheen.uasset" 660
"../../../Engine/Plugins/Interchange/Runtime/Content/gltf/M_Sheen.uexp" 661
"../../../Engine/Plugins/Interchange/Runtime/Content/gltf/MaterialInstances/MI_Sheen_Opaque_DS.uasset" 662
"../../../Engine/Plugins/Interchange/Runtime/Content/gltf/MaterialInstances/MI_Sheen_Opaque_DS.uexp" 663
"../../../Engine/Plugins/Interchange/Runtime/Content/gltf/MaterialInstances/MI_Sheen_Opaque.uasset" 664
"../../../Engine/Plugins/Interchange/Runtime/Content/gltf/MaterialInstances/MI_Sheen_Opaque.uexp" 665
"../../../Engine/Plugins/Interchange/Runtime/Content/gltf/MaterialInstances/MI_Sheen_Mask_DS.uasset" 666
"../../../Engine/Plugins/Interchange/Runtime/Content/gltf/MaterialInstances/MI_Sheen_Mask_DS.uexp" 667
"../../../Engine/Plugins/Interchange/Runtime/Content/gltf/MaterialInstances/MI_Sheen_Mask.uasset" 668
"../../../Engine/Plugins/Interchange/Runtime/Content/gltf/MaterialInstances/MI_Sheen_Mask.uexp" 669
"../../../Engine/Plugins/Interchange/Runtime/Content/gltf/MaterialInstances/MI_Sheen_Blend_DS.uasset" 670
"../../../Engine/Plugins/Interchange/Runtime/Content/gltf/MaterialInstances/MI_Sheen_Blend_DS.uexp" 671
"../../../Engine/Plugins/Interchange/Runtime/Content/gltf/MaterialInstances/MI_Sheen_Blend.uasset" 672
"../../../Engine/Plugins/Interchange/Runtime/Content/gltf/MaterialInstances/MI_Sheen_Blend.uexp" 673
"../../../Engine/Plugins/Interchange/Runtime/Content/gltf/MaterialBodies/MF_Default_Body.uasset" 674
"../../../Engine/Plugins/Interchange/Runtime/Content/gltf/MaterialBodies/MF_Default_Body.uexp" 675
"../../../Engine/Plugins/Interchange/Runtime/Content/gltf/M_Default.uasset" 676
"../../../Engine/Plugins/Interchange/Runtime/Content/gltf/M_Default.uexp" 677
"../../../Engine/Plugins/Interchange/Runtime/Content/gltf/MaterialInstances/MI_Default_Opaque_DS.uasset" 678
"../../../Engine/Plugins/Interchange/Runtime/Content/gltf/MaterialInstances/MI_Default_Opaque_DS.uexp" 679
"../../../Engine/Plugins/Interchange/Runtime/Content/gltf/MaterialInstances/MI_Default_Opaque.uasset" 680
"../../../Engine/Plugins/Interchange/Runtime/Content/gltf/MaterialInstances/MI_Default_Opaque.uexp" 681
"../../../Engine/Plugins/Interchange/Runtime/Content/gltf/MaterialInstances/MI_Default_Mask_DS.uasset" 682
"../../../Engine/Plugins/Interchange/Runtime/Content/gltf/MaterialInstances/MI_Default_Mask_DS.uexp" 683
"../../../Engine/Plugins/Interchange/Runtime/Content/gltf/MaterialInstances/MI_Default_Mask.uasset" 684
"../../../Engine/Plugins/Interchange/Runtime/Content/gltf/MaterialInstances/MI_Default_Mask.uexp" 685
"../../../Engine/Plugins/Interchange/Runtime/Content/gltf/MaterialInstances/MI_Default_Blend_DS.uasset" 686
"../../../Engine/Plugins/Interchange/Runtime/Content/gltf/MaterialInstances/MI_Default_Blend_DS.uexp" 687
"../../../Engine/Plugins/Interchange/Runtime/Content/gltf/MaterialInstances/MI_Default_Blend.uasset" 688
"../../../Engine/Plugins/Interchange/Runtime/Content/gltf/MaterialInstances/MI_Default_Blend.uexp" 689
"../../../Engine/Content/Functions/Engine_MaterialFunctions01/Texturing/FlattenNormal.uasset" 690
"../../../Engine/Content/Functions/Engine_MaterialFunctions01/Texturing/FlattenNormal.uexp" 691
"../../../Engine/Plugins/Interchange/Runtime/Content/gltf/MaterialFunctions/MF_Clearcoat.uasset" 692
"../../../Engine/Plugins/Interchange/Runtime/Content/gltf/MaterialFunctions/MF_Clearcoat.uexp" 693
"../../../Engine/Plugins/Interchange/Runtime/Content/gltf/MaterialBodies/MF_ClearCoat_Body.uasset" 694
"../../../Engine/Plugins/Interchange/Runtime/Content/gltf/MaterialBodies/MF_ClearCoat_Body.uexp" 695
"../../../Engine/Plugins/Interchange/Runtime/Content/gltf/M_ClearCoat.uasset" 696
"../../../Engine/Plugins/Interchange/Runtime/Content/gltf/M_ClearCoat.uexp" 697
"../../../Engine/Plugins/Interchange/Runtime/Content/gltf/MaterialInstances/MI_ClearCoat_Opaque_DS.uasset" 698
"../../../Engine/Plugins/Interchange/Runtime/Content/gltf/MaterialInstances/MI_ClearCoat_Opaque_DS.uexp" 699
"../../../Engine/Plugins/Interchange/Runtime/Content/gltf/MaterialInstances/MI_ClearCoat_Opaque.uasset" 700
"../../../Engine/Plugins/Interchange/Runtime/Content/gltf/MaterialInstances/MI_ClearCoat_Opaque.uexp" 701
"../../../Engine/Plugins/Interchange/Runtime/Content/gltf/MaterialInstances/MI_ClearCoat_Mask_DS.uasset" 702
"../../../Engine/Plugins/Interchange/Runtime/Content/gltf/MaterialInstances/MI_ClearCoat_Mask_DS.uexp" 703
"../../../Engine/Plugins/Interchange/Runtime/Content/gltf/MaterialInstances/MI_ClearCoat_Mask.uasset" 704
"../../../Engine/Plugins/Interchange/Runtime/Content/gltf/MaterialInstances/MI_ClearCoat_Mask.uexp" 705
"../../../Engine/Plugins/Interchange/Runtime/Content/gltf/MaterialInstances/MI_ClearCoat_Blend_DS.uasset" 706
"../../../Engine/Plugins/Interchange/Runtime/Content/gltf/MaterialInstances/MI_ClearCoat_Blend_DS.uexp" 707
"../../../Engine/Plugins/Interchange/Runtime/Content/gltf/MaterialInstances/MI_ClearCoat_Blend.uasset" 708
"../../../Engine/Plugins/Interchange/Runtime/Content/gltf/MaterialInstances/MI_ClearCoat_Blend.uexp" 709
"../../../Engine/Content/MobileResources/HUD/VirtualJoystick_Background.uasset" 710
"../../../Engine/Content/MobileResources/HUD/VirtualJoystick_Background.uexp" 711
"../../../Engine/Content/MobileResources/HUD/VirtualJoystick_Thumb.uasset" 712
"../../../Engine/Content/MobileResources/HUD/VirtualJoystick_Thumb.uexp" 713
"../../../Engine/Content/MobileResources/HUD/DefaultVirtualJoysticks.uasset" 714
"../../../Engine/Content/MobileResources/HUD/DefaultVirtualJoysticks.uexp" 715
"../../../Engine/Content/EngineSky/VolumetricClouds/CloudWeatherTexture.uasset" 716
"../../../Engine/Content/EngineSky/VolumetricClouds/CloudWeatherTexture.uexp" 717
"../../../Engine/Content/Functions/Engine_MaterialFunctions02/Utility/MakeFloat2.uasset" 718
"../../../Engine/Content/Functions/Engine_MaterialFunctions02/Utility/MakeFloat2.uexp" 719
"../../../Engine/Content/EngineSky/VolumetricClouds/CloudGradientTexture.uasset" 720
"../../../Engine/Content/EngineSky/VolumetricClouds/CloudGradientTexture.uexp" 721
"../../../Engine/Content/EngineSky/VolumetricClouds/T_NoiseShape64.ubulk" 722
"../../../Engine/Content/EngineSky/VolumetricClouds/T_NoiseShape64.uasset" 723
"../../../Engine/Content/EngineSky/VolumetricClouds/T_NoiseShape64.uexp" 724
"../../../Engine/Content/EngineSky/VolumetricClouds/T_VolumeNoiseShape64.uasset" 725
"../../../Engine/Content/EngineSky/VolumetricClouds/T_VolumeNoiseShape64.uexp" 726
"../../../Engine/Content/EngineSky/VolumetricClouds/T_NoiseErosion.ubulk" 727
"../../../Engine/Content/EngineSky/VolumetricClouds/T_NoiseErosion.uasset" 728
"../../../Engine/Content/EngineSky/VolumetricClouds/T_NoiseErosion.uexp" 729
"../../../Engine/Content/EngineSky/VolumetricClouds/T_VolumeNoiseErosion32.uasset" 730
"../../../Engine/Content/EngineSky/VolumetricClouds/T_VolumeNoiseErosion32.uexp" 731
"../../../Engine/Content/EngineSky/VolumetricClouds/m_SimpleVolumetricCloud.uasset" 732
"../../../Engine/Content/EngineSky/VolumetricClouds/m_SimpleVolumetricCloud.uexp" 733
"../../../Engine/Content/EngineSky/VolumetricClouds/m_SimpleVolumetricCloud_Inst.uasset" 734
"../../../Engine/Content/EngineSky/VolumetricClouds/m_SimpleVolumetricCloud_Inst.uexp" 735
"../../../Engine/Content/EngineResources/FilmGrains/Marcie_Grain_v3_128_M2_000.uasset" 736
"../../../Engine/Content/EngineResources/FilmGrains/Marcie_Grain_v3_128_M2_000.uexp" 737
"../../../Engine/Content/EditorResources/SequenceRecorder/RecordingIndicator.uasset" 738
"../../../Engine/Content/EditorResources/SequenceRecorder/RecordingIndicator.uexp" 739
"../../../Engine/Content/EditorResources/SequenceRecorder/Countdown.uasset" 740
"../../../Engine/Content/EditorResources/SequenceRecorder/Countdown.uexp" 741
"../../../Engine/Content/EditorMaterials/Dataflow/DataflowVertexMaterial.uasset" 742
"../../../Engine/Content/EditorMaterials/Dataflow/DataflowVertexMaterial.uexp" 743
"../../../Engine/Content/Functions/Engine_MaterialFunctions01/Shading/PowerToRoughness.uasset" 744
"../../../Engine/Content/Functions/Engine_MaterialFunctions01/Shading/PowerToRoughness.uexp" 745
"../../../Engine/Content/Functions/Engine_MaterialFunctions01/Shading/ConvertFromDiffSpec.uasset" 746
"../../../Engine/Content/Functions/Engine_MaterialFunctions01/Shading/ConvertFromDiffSpec.uexp" 747
"../../../Engine/Content/EngineMaterials/Substrate/Volume/SubstrateSimpleVolumeLUT3D.uasset" 748
"../../../Engine/Content/EngineMaterials/Substrate/Volume/SubstrateSimpleVolumeLUT3D.uexp" 749
"../../../Engine/Content/EngineMaterials/Substrate/Volume/SubstrateSimpleVolumeEnvLUT3D.uasset" 750
"../../../Engine/Content/EngineMaterials/Substrate/Volume/SubstrateSimpleVolumeEnvLUT3D.uexp" 751
"../../../Engine/Content/EngineMaterials/Substrate/GLints2/AGlintTex2dArray2.uasset" 752
"../../../Engine/Content/EngineMaterials/Substrate/GLints2/AGlintTex2dArray2.uexp" 753
"../../../Engine/Content/EngineMaterials/Substrate/GLints/AGlintTex2dArray.uasset" 754
"../../../Engine/Content/EngineMaterials/Substrate/GLints/AGlintTex2dArray.uexp" 755
"../../../Engine/Content/EngineMaterials/FlattenMaterial_WS_Normal_VT.uasset" 756
"../../../Engine/Content/EngineMaterials/FlattenMaterial_WS_Normal_VT.uexp" 757
"../../../Engine/Content/EngineMaterials/DefaultPhysicalMaterial.uasset" 758
"../../../Engine/Content/EngineMaterials/DefaultPhysicalMaterial.uexp" 759
"../../../Engine/Content/EngineMaterials/BlendFunc_DefBlend.uasset" 760
"../../../Engine/Content/EngineMaterials/BlendFunc_DefBlend.uexp" 761
"../../../Engine/Content/OpenWorldTemplate/LandscapeMaterial/T_GridChecker_A.ubulk" 762
"../../../Engine/Content/OpenWorldTemplate/LandscapeMaterial/T_GridChecker_A.uasset" 763
"../../../Engine/Content/OpenWorldTemplate/LandscapeMaterial/T_GridChecker_A.uexp" 764
"../../../Engine/Content/EngineMaterials/BlendFunc_DefBase.uasset" 765
"../../../Engine/Content/EngineMaterials/BlendFunc_DefBase.uexp" 766
"../../../Engine/Content/Functions/Engine_MaterialFunctions03/Blends/Blend_Overlay.uasset" 767
"../../../Engine/Content/Functions/Engine_MaterialFunctions03/Blends/Blend_Overlay.uexp" 768
"../../../Engine/Content/Functions/Engine_MaterialFunctions01/Gradient/LinearGradient.uasset" 769
"../../../Engine/Content/Functions/Engine_MaterialFunctions01/Gradient/LinearGradient.uexp" 770
"../../../Engine/Content/Functions/Engine_MaterialFunctions01/ImageAdjustment/CheapContrast.uasset" 771
"../../../Engine/Content/Functions/Engine_MaterialFunctions01/ImageAdjustment/CheapContrast.uexp" 772
"../../../Engine/Content/OpenWorldTemplate/LandscapeMaterial/MF_ProcGrid.uasset" 773
"../../../Engine/Content/OpenWorldTemplate/LandscapeMaterial/MF_ProcGrid.uexp" 774
"../../../Engine/Content/OpenWorldTemplate/LandscapeMaterial/M_ProcGrid.uasset" 775
"../../../Engine/Content/OpenWorldTemplate/LandscapeMaterial/M_ProcGrid.uexp" 776
"../../../Engine/Content/EngineSky/T_Sky_Stars.ubulk" 777
"../../../Engine/Content/EngineSky/T_Sky_Stars.uasset" 778
"../../../Engine/Content/EngineSky/T_Sky_Stars.uexp" 779
"../../../Engine/Content/EngineSky/T_Sky_Clouds_M.ubulk" 780
"../../../Engine/Content/EngineSky/T_Sky_Clouds_M.uasset" 781
"../../../Engine/Content/EngineSky/T_Sky_Clouds_M.uexp" 782
"../../../Engine/Content/EngineSky/T_Sky_Blue.ubulk" 783
"../../../Engine/Content/EngineSky/T_Sky_Blue.uasset" 784
"../../../Engine/Content/EngineSky/T_Sky_Blue.uexp" 785
"../../../Engine/Content/EngineSky/M_Sky_Panning_Clouds2.uasset" 786
"../../../Engine/Content/EngineSky/M_Sky_Panning_Clouds2.uexp" 787
"../../../Engine/Content/EngineSky/SM_SkySphere.uasset" 788
"../../../Engine/Content/EngineSky/SM_SkySphere.uexp" 789
"../../../Engine/Content/EngineSky/M_SimpleSkyDome.uasset" 790
"../../../Engine/Content/EngineSky/M_SimpleSkyDome.uexp" 791
"../../../Engine/Content/Maps/Entry_BuiltData.uasset" 792
"../../../Engine/Content/Maps/Entry_BuiltData.uexp" 793
"../../../Engine/Content/Maps/Entry.uexp" 794
"../../../Engine/Content/Maps/Entry.umap" 795
"../../../Engine/Content/Maps/Templates/OpenWorld.uexp" 796
"../../../Engine/Content/Maps/Templates/OpenWorld.umap" 797
"../../../Engine/Content/Maps/Templates/OpenWorld/_Generated_/BU79R5ICZNIOLRTMBDRZYRWZK.uexp" 798
"../../../Engine/Content/Maps/Templates/OpenWorld/_Generated_/BU79R5ICZNIOLRTMBDRZYRWZK.ubulk" 799
"../../../Engine/Content/Maps/Templates/OpenWorld/_Generated_/BU79R5ICZNIOLRTMBDRZYRWZK.umap" 800
"../../../Engine/Content/Maps/Templates/OpenWorld/_Generated_/9CJMRZ3WTHCZ2FTTGWGSTSBYI.uexp" 801
"../../../Engine/Content/Maps/Templates/OpenWorld/_Generated_/9CJMRZ3WTHCZ2FTTGWGSTSBYI.ubulk" 802
"../../../Engine/Content/Maps/Templates/OpenWorld/_Generated_/9CJMRZ3WTHCZ2FTTGWGSTSBYI.umap" 803
"../../../Engine/Content/Maps/Templates/OpenWorld/_Generated_/9U2GPCOG9OELA0I561KACI92H.uexp" 804
"../../../Engine/Content/Maps/Templates/OpenWorld/_Generated_/9U2GPCOG9OELA0I561KACI92H.ubulk" 805
"../../../Engine/Content/Maps/Templates/OpenWorld/_Generated_/9U2GPCOG9OELA0I561KACI92H.umap" 806
"../../../Engine/Content/Maps/Templates/OpenWorld/_Generated_/91YZ6UH98RCWUEICWJC1SL80S.uexp" 807
"../../../Engine/Content/Maps/Templates/OpenWorld/_Generated_/91YZ6UH98RCWUEICWJC1SL80S.ubulk" 808
"../../../Engine/Content/Maps/Templates/OpenWorld/_Generated_/91YZ6UH98RCWUEICWJC1SL80S.umap" 809
"../../../Engine/Content/Maps/Templates/OpenWorld/_Generated_/8WDYS8GYI2DG2H3P3VADEQGD6.uexp" 810
"../../../Engine/Content/Maps/Templates/OpenWorld/_Generated_/8WDYS8GYI2DG2H3P3VADEQGD6.ubulk" 811
"../../../Engine/Content/Maps/Templates/OpenWorld/_Generated_/8WDYS8GYI2DG2H3P3VADEQGD6.umap" 812
"../../../Engine/Content/Maps/Templates/OpenWorld/_Generated_/4K0IKS52C419Z1TF75UX95IHU.uexp" 813
"../../../Engine/Content/Maps/Templates/OpenWorld/_Generated_/4K0IKS52C419Z1TF75UX95IHU.ubulk" 814
"../../../Engine/Content/Maps/Templates/OpenWorld/_Generated_/4K0IKS52C419Z1TF75UX95IHU.umap" 815
"../../../Engine/Content/Maps/Templates/OpenWorld/_Generated_/2FJOUB50GBIAHQ5DORBAIMR4Z.uexp" 816
"../../../Engine/Content/Maps/Templates/OpenWorld/_Generated_/2FJOUB50GBIAHQ5DORBAIMR4Z.ubulk" 817
"../../../Engine/Content/Maps/Templates/OpenWorld/_Generated_/2FJOUB50GBIAHQ5DORBAIMR4Z.umap" 818
"../../../Engine/Content/Maps/Templates/OpenWorld/_Generated_/DKN8FLVQNAOGW8VWOF6DFB8F7.uexp" 819
"../../../Engine/Content/Maps/Templates/OpenWorld/_Generated_/DKN8FLVQNAOGW8VWOF6DFB8F7.ubulk" 820
"../../../Engine/Content/Maps/Templates/OpenWorld/_Generated_/DKN8FLVQNAOGW8VWOF6DFB8F7.umap" 821
"../../../Engine/Content/Maps/Templates/OpenWorld/_Generated_/7GR89S6WSJY3FU2VCEN2S9006.uexp" 822
"../../../Engine/Content/Maps/Templates/OpenWorld/_Generated_/7GR89S6WSJY3FU2VCEN2S9006.ubulk" 823
"../../../Engine/Content/Maps/Templates/OpenWorld/_Generated_/7GR89S6WSJY3FU2VCEN2S9006.umap" 824
"../../../Engine/Content/Maps/Templates/OpenWorld/_Generated_/AI1G75W5U8LEHXWDJCRUY9600.uexp" 825
"../../../Engine/Content/Maps/Templates/OpenWorld/_Generated_/AI1G75W5U8LEHXWDJCRUY9600.ubulk" 826
"../../../Engine/Content/Maps/Templates/OpenWorld/_Generated_/AI1G75W5U8LEHXWDJCRUY9600.umap" 827
"../../../Engine/Content/Maps/Templates/OpenWorld/_Generated_/DP961RENIA8UQWHJF43LS78YG.uexp" 828
"../../../Engine/Content/Maps/Templates/OpenWorld/_Generated_/DP961RENIA8UQWHJF43LS78YG.ubulk" 829
"../../../Engine/Content/Maps/Templates/OpenWorld/_Generated_/DP961RENIA8UQWHJF43LS78YG.umap" 830
"../../../Engine/Content/Maps/Templates/OpenWorld/_Generated_/2DHRS7J5NZMGVG0M9TZ784H5S.uexp" 831
"../../../Engine/Content/Maps/Templates/OpenWorld/_Generated_/2DHRS7J5NZMGVG0M9TZ784H5S.ubulk" 832
"../../../Engine/Content/Maps/Templates/OpenWorld/_Generated_/2DHRS7J5NZMGVG0M9TZ784H5S.umap" 833
"../../../Engine/Content/Maps/Templates/OpenWorld/_Generated_/4YEGOFLNF8OE9AA6FV8E4PTYX.uexp" 834
"../../../Engine/Content/Maps/Templates/OpenWorld/_Generated_/4YEGOFLNF8OE9AA6FV8E4PTYX.ubulk" 835
"../../../Engine/Content/Maps/Templates/OpenWorld/_Generated_/4YEGOFLNF8OE9AA6FV8E4PTYX.umap" 836
"../../../Engine/Content/Maps/Templates/OpenWorld/_Generated_/612B6KCIR7O8D1L7410DPSAXB.uexp" 837
"../../../Engine/Content/Maps/Templates/OpenWorld/_Generated_/612B6KCIR7O8D1L7410DPSAXB.ubulk" 838
"../../../Engine/Content/Maps/Templates/OpenWorld/_Generated_/612B6KCIR7O8D1L7410DPSAXB.umap" 839
"../../../Engine/Content/Maps/Templates/OpenWorld/_Generated_/0G7BZ0AVOC3FVZCBFGJ60HUQU.uexp" 840
"../../../Engine/Content/Maps/Templates/OpenWorld/_Generated_/0G7BZ0AVOC3FVZCBFGJ60HUQU.ubulk" 841
"../../../Engine/Content/Maps/Templates/OpenWorld/_Generated_/0G7BZ0AVOC3FVZCBFGJ60HUQU.umap" 842
"../../../Engine/Content/Maps/Templates/OpenWorld/_Generated_/934KIFKXXK1HGA2IF9UGXWW5T.uexp" 843
"../../../Engine/Content/Maps/Templates/OpenWorld/_Generated_/934KIFKXXK1HGA2IF9UGXWW5T.ubulk" 844
"../../../Engine/Content/Maps/Templates/OpenWorld/_Generated_/934KIFKXXK1HGA2IF9UGXWW5T.umap" 845
"../../../Engine/Content/Maps/Templates/OpenWorld/_Generated_/7968NEJERJ8LXIHRP9S15XV5Q.uexp" 846
"../../../Engine/Content/Maps/Templates/OpenWorld/_Generated_/7968NEJERJ8LXIHRP9S15XV5Q.ubulk" 847
"../../../Engine/Content/Maps/Templates/OpenWorld/_Generated_/7968NEJERJ8LXIHRP9S15XV5Q.umap" 848
"../../../Engine/Content/Maps/Templates/OpenWorld/_Generated_/5S78YEUP9H3OBZOFVJB1CA7AL.uexp" 849
"../../../Engine/Content/Maps/Templates/OpenWorld/_Generated_/5S78YEUP9H3OBZOFVJB1CA7AL.ubulk" 850
"../../../Engine/Content/Maps/Templates/OpenWorld/_Generated_/5S78YEUP9H3OBZOFVJB1CA7AL.umap" 851
"../../../Engine/Content/Maps/Templates/OpenWorld/_Generated_/A8W6LA5PW9CFQU5BYPNL5D6LD.uexp" 852
"../../../Engine/Content/Maps/Templates/OpenWorld/_Generated_/A8W6LA5PW9CFQU5BYPNL5D6LD.ubulk" 853
"../../../Engine/Content/Maps/Templates/OpenWorld/_Generated_/A8W6LA5PW9CFQU5BYPNL5D6LD.umap" 854
"../../../Engine/Content/Maps/Templates/OpenWorld/_Generated_/33WUTP8AAMGGMJB18ON16006N.uexp" 855
"../../../Engine/Content/Maps/Templates/OpenWorld/_Generated_/33WUTP8AAMGGMJB18ON16006N.ubulk" 856
"../../../Engine/Content/Maps/Templates/OpenWorld/_Generated_/33WUTP8AAMGGMJB18ON16006N.umap" 857
"../../../Engine/Content/Maps/Templates/OpenWorld/_Generated_/EIUDJYOTYKPRF2P93P2F2I5QO.uexp" 858
"../../../Engine/Content/Maps/Templates/OpenWorld/_Generated_/EIUDJYOTYKPRF2P93P2F2I5QO.ubulk" 859
"../../../Engine/Content/Maps/Templates/OpenWorld/_Generated_/EIUDJYOTYKPRF2P93P2F2I5QO.umap" 860
"../../../Engine/Content/Maps/Templates/OpenWorld/_Generated_/1MO2OANC4SXHHIM5EFVC52XR1.uexp" 861
"../../../Engine/Content/Maps/Templates/OpenWorld/_Generated_/1MO2OANC4SXHHIM5EFVC52XR1.ubulk" 862
"../../../Engine/Content/Maps/Templates/OpenWorld/_Generated_/1MO2OANC4SXHHIM5EFVC52XR1.umap" 863
"../../../Engine/Content/Maps/Templates/OpenWorld/_Generated_/C1JRJ8BIQ0WB6KPNTSBWTV206.uexp" 864
"../../../Engine/Content/Maps/Templates/OpenWorld/_Generated_/C1JRJ8BIQ0WB6KPNTSBWTV206.ubulk" 865
"../../../Engine/Content/Maps/Templates/OpenWorld/_Generated_/C1JRJ8BIQ0WB6KPNTSBWTV206.umap" 866
"../../../Engine/Content/Maps/Templates/OpenWorld/_Generated_/7V2I7GI0EYBUC832DOIPWKA2A.uexp" 867
"../../../Engine/Content/Maps/Templates/OpenWorld/_Generated_/7V2I7GI0EYBUC832DOIPWKA2A.ubulk" 868
"../../../Engine/Content/Maps/Templates/OpenWorld/_Generated_/7V2I7GI0EYBUC832DOIPWKA2A.umap" 869
"../../../Engine/Content/Maps/Templates/OpenWorld/_Generated_/11BHGZGWJ5PK00GJCLSCJ8B61.uexp" 870
"../../../Engine/Content/Maps/Templates/OpenWorld/_Generated_/11BHGZGWJ5PK00GJCLSCJ8B61.ubulk" 871
"../../../Engine/Content/Maps/Templates/OpenWorld/_Generated_/11BHGZGWJ5PK00GJCLSCJ8B61.umap" 872
"../../../Engine/Content/Maps/Templates/OpenWorld/_Generated_/8TW0XYITJ4VCCQCXFZEQ6ZUTN.uexp" 873
"../../../Engine/Content/Maps/Templates/OpenWorld/_Generated_/8TW0XYITJ4VCCQCXFZEQ6ZUTN.ubulk" 874
"../../../Engine/Content/Maps/Templates/OpenWorld/_Generated_/8TW0XYITJ4VCCQCXFZEQ6ZUTN.umap" 875
"../../../Engine/Content/Maps/Templates/OpenWorld/_Generated_/8FVKUTSTV673WMLCWMET6P72H.uexp" 876
"../../../Engine/Content/Maps/Templates/OpenWorld/_Generated_/8FVKUTSTV673WMLCWMET6P72H.ubulk" 877
"../../../Engine/Content/Maps/Templates/OpenWorld/_Generated_/8FVKUTSTV673WMLCWMET6P72H.umap" 878
"../../../Engine/Content/Maps/Templates/OpenWorld/_Generated_/967DI1A9UD8DWRC0VO76T0PMS.uexp" 879
"../../../Engine/Content/Maps/Templates/OpenWorld/_Generated_/967DI1A9UD8DWRC0VO76T0PMS.ubulk" 880
"../../../Engine/Content/Maps/Templates/OpenWorld/_Generated_/967DI1A9UD8DWRC0VO76T0PMS.umap" 881
"../../../Engine/Content/Maps/Templates/OpenWorld/_Generated_/DB95BAX9VA3FMBURYAZVIZSW7.uexp" 882
"../../../Engine/Content/Maps/Templates/OpenWorld/_Generated_/DB95BAX9VA3FMBURYAZVIZSW7.ubulk" 883
"../../../Engine/Content/Maps/Templates/OpenWorld/_Generated_/DB95BAX9VA3FMBURYAZVIZSW7.umap" 884
"../../../Engine/Content/Maps/Templates/OpenWorld/_Generated_/BJU9Y1NWGCDUWPPVFJWA7O9M2.uexp" 885
"../../../Engine/Content/Maps/Templates/OpenWorld/_Generated_/BJU9Y1NWGCDUWPPVFJWA7O9M2.ubulk" 886
"../../../Engine/Content/Maps/Templates/OpenWorld/_Generated_/BJU9Y1NWGCDUWPPVFJWA7O9M2.umap" 887
"../../../Engine/Content/Maps/Templates/OpenWorld/_Generated_/56ZVOJSILUBKMPF5F1LS9N5I6.uexp" 888
"../../../Engine/Content/Maps/Templates/OpenWorld/_Generated_/56ZVOJSILUBKMPF5F1LS9N5I6.ubulk" 889
"../../../Engine/Content/Maps/Templates/OpenWorld/_Generated_/56ZVOJSILUBKMPF5F1LS9N5I6.umap" 890
"../../../Engine/Content/Maps/Templates/OpenWorld/_Generated_/AFWCQIHPU4IN3G15KL9L9MJ8X.uexp" 891
"../../../Engine/Content/Maps/Templates/OpenWorld/_Generated_/AFWCQIHPU4IN3G15KL9L9MJ8X.ubulk" 892
"../../../Engine/Content/Maps/Templates/OpenWorld/_Generated_/AFWCQIHPU4IN3G15KL9L9MJ8X.umap" 893
"../../../Engine/Content/Maps/Templates/OpenWorld/_Generated_/2MLEDZCWL1GZ4AROALMBHAOJQ.uexp" 894
"../../../Engine/Content/Maps/Templates/OpenWorld/_Generated_/2MLEDZCWL1GZ4AROALMBHAOJQ.ubulk" 895
"../../../Engine/Content/Maps/Templates/OpenWorld/_Generated_/2MLEDZCWL1GZ4AROALMBHAOJQ.umap" 896
"../../../Engine/Content/Maps/Templates/OpenWorld/_Generated_/14C4SJ62H17PKF8M74JIL3XHR.uexp" 897
"../../../Engine/Content/Maps/Templates/OpenWorld/_Generated_/14C4SJ62H17PKF8M74JIL3XHR.ubulk" 898
"../../../Engine/Content/Maps/Templates/OpenWorld/_Generated_/14C4SJ62H17PKF8M74JIL3XHR.umap" 899
"../../../Engine/Content/Maps/Templates/OpenWorld/_Generated_/97VXPZI6YYGLVIIR9GT5JSAZI.uexp" 900
"../../../Engine/Content/Maps/Templates/OpenWorld/_Generated_/97VXPZI6YYGLVIIR9GT5JSAZI.ubulk" 901
"../../../Engine/Content/Maps/Templates/OpenWorld/_Generated_/97VXPZI6YYGLVIIR9GT5JSAZI.umap" 902
"../../../Engine/Content/Maps/Templates/OpenWorld/_Generated_/0UE64F003XPDY2LMR6CDKNB3E.uexp" 903
"../../../Engine/Content/Maps/Templates/OpenWorld/_Generated_/0UE64F003XPDY2LMR6CDKNB3E.ubulk" 904
"../../../Engine/Content/Maps/Templates/OpenWorld/_Generated_/0UE64F003XPDY2LMR6CDKNB3E.umap" 905
"../../../Engine/Content/Maps/Templates/OpenWorld/_Generated_/15PUVP98C5M3K4XZAMCQPB73T.uexp" 906
"../../../Engine/Content/Maps/Templates/OpenWorld/_Generated_/15PUVP98C5M3K4XZAMCQPB73T.ubulk" 907
"../../../Engine/Content/Maps/Templates/OpenWorld/_Generated_/15PUVP98C5M3K4XZAMCQPB73T.umap" 908
"../../../Engine/Content/Maps/Templates/OpenWorld/_Generated_/E4R5H0A1UDBTHHM8CPM0G2PHF.uexp" 909
"../../../Engine/Content/Maps/Templates/OpenWorld/_Generated_/E4R5H0A1UDBTHHM8CPM0G2PHF.ubulk" 910
"../../../Engine/Content/Maps/Templates/OpenWorld/_Generated_/E4R5H0A1UDBTHHM8CPM0G2PHF.umap" 911
"../../../Engine/Content/Maps/Templates/OpenWorld/_Generated_/AUFYT5FNM7U0DH94TX2EQU86C.uexp" 912
"../../../Engine/Content/Maps/Templates/OpenWorld/_Generated_/AUFYT5FNM7U0DH94TX2EQU86C.ubulk" 913
"../../../Engine/Content/Maps/Templates/OpenWorld/_Generated_/AUFYT5FNM7U0DH94TX2EQU86C.umap" 914
"../../../Engine/Content/Maps/Templates/OpenWorld/_Generated_/1JP6WU2C2GZUA04DU94LONZ3Z.uexp" 915
"../../../Engine/Content/Maps/Templates/OpenWorld/_Generated_/1JP6WU2C2GZUA04DU94LONZ3Z.ubulk" 916
"../../../Engine/Content/Maps/Templates/OpenWorld/_Generated_/1JP6WU2C2GZUA04DU94LONZ3Z.umap" 917
"../../../Engine/Content/Maps/Templates/OpenWorld/_Generated_/03CBAIJSUDBT6NPN6R9EVOGNQ.uexp" 918
"../../../Engine/Content/Maps/Templates/OpenWorld/_Generated_/03CBAIJSUDBT6NPN6R9EVOGNQ.ubulk" 919
"../../../Engine/Content/Maps/Templates/OpenWorld/_Generated_/03CBAIJSUDBT6NPN6R9EVOGNQ.umap" 920
"../../../Engine/Content/Maps/Templates/OpenWorld/_Generated_/4FEQOS4QUMSTI2614Y5XT21EV.uexp" 921
"../../../Engine/Content/Maps/Templates/OpenWorld/_Generated_/4FEQOS4QUMSTI2614Y5XT21EV.ubulk" 922
"../../../Engine/Content/Maps/Templates/OpenWorld/_Generated_/4FEQOS4QUMSTI2614Y5XT21EV.umap" 923
"../../../Engine/Content/Maps/Templates/OpenWorld/_Generated_/4O62Z7PNEBR3379MG9QZS4JL0.uexp" 924
"../../../Engine/Content/Maps/Templates/OpenWorld/_Generated_/4O62Z7PNEBR3379MG9QZS4JL0.ubulk" 925
"../../../Engine/Content/Maps/Templates/OpenWorld/_Generated_/4O62Z7PNEBR3379MG9QZS4JL0.umap" 926
"../../../Engine/Content/Maps/Templates/OpenWorld/_Generated_/CX5U2I1LD32JOW189TJ3MQMSN.uexp" 927
"../../../Engine/Content/Maps/Templates/OpenWorld/_Generated_/CX5U2I1LD32JOW189TJ3MQMSN.ubulk" 928
"../../../Engine/Content/Maps/Templates/OpenWorld/_Generated_/CX5U2I1LD32JOW189TJ3MQMSN.umap" 929
"../../../Engine/Content/Maps/Templates/OpenWorld/_Generated_/EHBSPV85V30HXRUCRMMWIRQ36.uexp" 930
"../../../Engine/Content/Maps/Templates/OpenWorld/_Generated_/EHBSPV85V30HXRUCRMMWIRQ36.ubulk" 931
"../../../Engine/Content/Maps/Templates/OpenWorld/_Generated_/EHBSPV85V30HXRUCRMMWIRQ36.umap" 932
"../../../Engine/Content/Maps/Templates/OpenWorld/_Generated_/3F1NNV8MVR6N0AELV7MGT64SA.uexp" 933
"../../../Engine/Content/Maps/Templates/OpenWorld/_Generated_/3F1NNV8MVR6N0AELV7MGT64SA.ubulk" 934
"../../../Engine/Content/Maps/Templates/OpenWorld/_Generated_/3F1NNV8MVR6N0AELV7MGT64SA.umap" 935
"../../../Engine/Content/Maps/Templates/OpenWorld/_Generated_/6VA0MCE01TXOIEESXKEO8O517.uexp" 936
"../../../Engine/Content/Maps/Templates/OpenWorld/_Generated_/6VA0MCE01TXOIEESXKEO8O517.ubulk" 937
"../../../Engine/Content/Maps/Templates/OpenWorld/_Generated_/6VA0MCE01TXOIEESXKEO8O517.umap" 938
"../../../Engine/Content/Maps/Templates/OpenWorld/_Generated_/9QE3LPI64TM4VPO9RLNT5K80Q.uexp" 939
"../../../Engine/Content/Maps/Templates/OpenWorld/_Generated_/9QE3LPI64TM4VPO9RLNT5K80Q.ubulk" 940
"../../../Engine/Content/Maps/Templates/OpenWorld/_Generated_/9QE3LPI64TM4VPO9RLNT5K80Q.umap" 941
"../../../Engine/Content/Maps/Templates/OpenWorld/_Generated_/3BALNNF3DWWJUMTM3C2QBSBDH.uexp" 942
"../../../Engine/Content/Maps/Templates/OpenWorld/_Generated_/3BALNNF3DWWJUMTM3C2QBSBDH.ubulk" 943
"../../../Engine/Content/Maps/Templates/OpenWorld/_Generated_/3BALNNF3DWWJUMTM3C2QBSBDH.umap" 944
"../../../Engine/Content/Maps/Templates/OpenWorld/_Generated_/4J4RYJP33IY1BTOA04NZJRIWG.uexp" 945
"../../../Engine/Content/Maps/Templates/OpenWorld/_Generated_/4J4RYJP33IY1BTOA04NZJRIWG.ubulk" 946
"../../../Engine/Content/Maps/Templates/OpenWorld/_Generated_/4J4RYJP33IY1BTOA04NZJRIWG.umap" 947
"../../../Engine/Content/Maps/Templates/OpenWorld/_Generated_/4OI8ERRWPY40LPJMUE022TQDQ.uexp" 948
"../../../Engine/Content/Maps/Templates/OpenWorld/_Generated_/4OI8ERRWPY40LPJMUE022TQDQ.ubulk" 949
"../../../Engine/Content/Maps/Templates/OpenWorld/_Generated_/4OI8ERRWPY40LPJMUE022TQDQ.umap" 950
"../../../Engine/Content/Maps/Templates/OpenWorld/_Generated_/4XIT50UG25GP2YF151W2HUSK4.uexp" 951
"../../../Engine/Content/Maps/Templates/OpenWorld/_Generated_/4XIT50UG25GP2YF151W2HUSK4.ubulk" 952
"../../../Engine/Content/Maps/Templates/OpenWorld/_Generated_/4XIT50UG25GP2YF151W2HUSK4.umap" 953
"../../../Engine/Content/Maps/Templates/OpenWorld/_Generated_/AUR8ZKGW938IR1RZ4QR702TY0.uexp" 954
"../../../Engine/Content/Maps/Templates/OpenWorld/_Generated_/AUR8ZKGW938IR1RZ4QR702TY0.ubulk" 955
"../../../Engine/Content/Maps/Templates/OpenWorld/_Generated_/AUR8ZKGW938IR1RZ4QR702TY0.umap" 956
"../../../Engine/Content/Maps/Templates/OpenWorld/_Generated_/2FZJHJZSM20RN2LKC21XCSJ6U.uexp" 957
"../../../Engine/Content/Maps/Templates/OpenWorld/_Generated_/2FZJHJZSM20RN2LKC21XCSJ6U.ubulk" 958
"../../../Engine/Content/Maps/Templates/OpenWorld/_Generated_/2FZJHJZSM20RN2LKC21XCSJ6U.umap" 959
"../../../Engine/Content/Maps/Templates/OpenWorld/_Generated_/AMBFSY9X5PO8DISRAWLM44RNL.uexp" 960
"../../../Engine/Content/Maps/Templates/OpenWorld/_Generated_/AMBFSY9X5PO8DISRAWLM44RNL.ubulk" 961
"../../../Engine/Content/Maps/Templates/OpenWorld/_Generated_/AMBFSY9X5PO8DISRAWLM44RNL.umap" 962
"../../../Engine/Content/Maps/Templates/OpenWorld/_Generated_/D1AL1W32LVCB7IFT0Q5MC6175.uexp" 963
"../../../Engine/Content/Maps/Templates/OpenWorld/_Generated_/D1AL1W32LVCB7IFT0Q5MC6175.ubulk" 964
"../../../Engine/Content/Maps/Templates/OpenWorld/_Generated_/D1AL1W32LVCB7IFT0Q5MC6175.umap" 965
"../../../Engine/Content/Maps/Templates/OpenWorld/_Generated_/8Z8YOCSR7LTZ0H9RI4M5085BC.uexp" 966
"../../../Engine/Content/Maps/Templates/OpenWorld/_Generated_/8Z8YOCSR7LTZ0H9RI4M5085BC.ubulk" 967
"../../../Engine/Content/Maps/Templates/OpenWorld/_Generated_/8Z8YOCSR7LTZ0H9RI4M5085BC.umap" 968
"../../../Engine/Content/Maps/Templates/OpenWorld/_Generated_/5BC0YDXHDRGE8600U6YD13EOC.uexp" 969
"../../../Engine/Content/Maps/Templates/OpenWorld/_Generated_/5BC0YDXHDRGE8600U6YD13EOC.ubulk" 970
"../../../Engine/Content/Maps/Templates/OpenWorld/_Generated_/5BC0YDXHDRGE8600U6YD13EOC.umap" 971
"../../../Engine/Content/Maps/Templates/OpenWorld/_Generated_/DXM3CZ58TJWU0FRAMHFWN8RVL.uexp" 972
"../../../Engine/Content/Maps/Templates/OpenWorld/_Generated_/DXM3CZ58TJWU0FRAMHFWN8RVL.ubulk" 973
"../../../Engine/Content/Maps/Templates/OpenWorld/_Generated_/DXM3CZ58TJWU0FRAMHFWN8RVL.umap" 974
"../../../Engine/Content/Maps/Templates/OpenWorld/_Generated_/3N52C0Z96KK79YKX5ADIT8I65.uexp" 975
"../../../Engine/Content/Maps/Templates/OpenWorld/_Generated_/3N52C0Z96KK79YKX5ADIT8I65.ubulk" 976
"../../../Engine/Content/Maps/Templates/OpenWorld/_Generated_/3N52C0Z96KK79YKX5ADIT8I65.umap" 977
"../../../Engine/Content/Maps/Templates/OpenWorld/_Generated_/6NAN6QOVS9GGB4L73MDLRH3SJ.uexp" 978
"../../../Engine/Content/Maps/Templates/OpenWorld/_Generated_/6NAN6QOVS9GGB4L73MDLRH3SJ.ubulk" 979
"../../../Engine/Content/Maps/Templates/OpenWorld/_Generated_/6NAN6QOVS9GGB4L73MDLRH3SJ.umap" 980
"../../../Engine/Content/Maps/Templates/OpenWorld/_Generated_/BUSV4KIM4ZQM1VA80PD8IM4I6.uexp" 981
"../../../Engine/Content/Maps/Templates/OpenWorld/_Generated_/BUSV4KIM4ZQM1VA80PD8IM4I6.ubulk" 982
"../../../Engine/Content/Maps/Templates/OpenWorld/_Generated_/BUSV4KIM4ZQM1VA80PD8IM4I6.umap" 983
"../../../Engine/Content/Maps/Templates/OpenWorld/_Generated_/49LOO7O6WOIPXHY04H6EH3SRO.uexp" 984
"../../../Engine/Content/Maps/Templates/OpenWorld/_Generated_/49LOO7O6WOIPXHY04H6EH3SRO.ubulk" 985
"../../../Engine/Content/Maps/Templates/OpenWorld/_Generated_/49LOO7O6WOIPXHY04H6EH3SRO.umap" 986
"../../../Engine/Content/Maps/Templates/OpenWorld/_Generated_/7D4589H5TPGQ3EUIJAWN7DBOY.uexp" 987
"../../../Engine/Content/Maps/Templates/OpenWorld/_Generated_/7D4589H5TPGQ3EUIJAWN7DBOY.ubulk" 988
"../../../Engine/Content/Maps/Templates/OpenWorld/_Generated_/7D4589H5TPGQ3EUIJAWN7DBOY.umap" 989
